1 48.641681 4.438205
2 23.820049 1.204251
3 68.633827 6.844933
4 78.727260 6.500172
5 51.242950 15.269819
6 31.342234 3.244539
7 55.341539 39.415116
8 58.641277 35.855543
9 62.844746 6.979653
10 53.535713 28.810589
11 28.574676 27.704438
12 34.686520 66.171173
13 60.975109 28.641518
14 45.436049 21.697836
15 40.141039 21.383549
16 68.569355 1.598693
17 36.594164 14.736644
18 70.325046 24.898739
19 74.032582 29.806655
20 75.924440 13.755434
21 49.695059 32.842313
22 50.907955 1.527628
23 57.713323 19.759943
24 63.432183 15.437233
25 61.275990 21.295493
26 23.056374 28.235246
27 30.798515 27.329776
28 42.338988 15.302161
29 49.737246 12.830686
30 37.380278 29.242949
31 38.406508 35.823967
32 71.563065 3.662785
33 37.548873 20.618766
34 57.627902 31.753228
35 76.721733 8.314054
36 80.093827 24.413630
37 71.115528 32.435306
38 69.811201 27.364419
39 78.113123 25.072484
40 54.231396 29.658093
41 73.864648 23.329980
42 60.961907 26.754720
43 65.808430 4.361378
44 69.375139 15.530232
45 38.974308 34.794359
46 73.569701 11.813884
47 58.548338 57.477974
48 78.602630 28.420723
49 68.117483 37.052968
50 61.368512 40.158727
51 70.539006 18.768639
52 59.135066 38.122867
53 61.137027 27.669809
54 71.701240 32.396125
55 65.256982 22.218659
56 63.578000 8.234796
57 41.339466 26.633608
58 76.024523 12.343776
59 67.806453 69.359364
60 82.751685 79.634236
61 50.240744 17.160215
62 70.613892 13.097694
63 55.651057 14.052477
64 58.447664 0.835056
65 55.987728 54.630196
66 58.832384 12.652162
67 63.480865 72.140011
68 18.193587 19.258663
69 73.136530 57.825236
70 61.980275 43.108294
71 68.474616 42.014736
72 65.791713 37.795157
73 71.435378 13.616418
74 60.492669 40.553442
75 61.814057 57.038753
76 70.917603 11.231693
77 63.010561 39.210930
78 62.715412 7.411470
79 57.509863 41.636861
80 53.712522 45.425884
81 34.691006 62.050229
82 75.382720 7.453373
83 67.936106 25.051142
84 28.210077 24.305254
85 68.163291 25.038832
86 83.921455 39.416498
87 82.798302 28.749198
88 43.862603 19.401248
89 61.060994 15.430948
90 46.679265 2.555912
91 46.404002 1.300529
92 55.733101 2.141957
93 56.682247 2.214267
94 68.195418 28.314563
95 51.132986 37.964786
96 43.906214 32.440434
97 42.638325 39.541399
98 18.008677 78.171597
99 30.381649 8.828804
100 70.183264 84.685090
101 22.583538 77.370779
102 31.242183 30.575156
103 43.153149 18.365292
104 84.143835 16.074001
105 40.882614 16.043837
106 59.290015 51.826565
107 46.464619 52.925576
108 40.218942 21.367968
109 59.707094 14.734968
110 42.885090 37.317274
111 51.368319 46.859726
112 34.501956 26.625376
113 65.681408 11.029923
114 66.567436 49.110564
115 68.628365 28.947334
116 26.501783 25.214983
117 39.033603 25.738134
118 25.079121 2.926208
119 31.160533 0.327841
120 52.603989 20.392005
121 66.984998 10.659724
122 52.579653 85.226698
123 36.673373 7.658098
124 73.251108 35.551468
125 72.505162 6.611176
126 67.677635 31.246724
127 25.603783 5.898808
128 22.775621 7.972699
129 64.852614 6.675399
130 54.337875 83.943752
131 45.988065 77.212306
132 47.800437 19.224035
133 53.789906 26.830218
134 65.901941 20.143508
135 58.793816 31.310704
136 62.769532 12.069494
137 86.671186 14.095337
138 16.575944 6.022206
139 77.742696 9.161213
140 19.428089 6.660466
141 43.035276 12.915528
142 32.680133 0.468501
143 40.245268 73.182058
144 36.708805 82.878989
145 42.794022 84.078971
146 37.417895 88.068931
147 44.408572 19.146112
148 67.991201 57.681238
149 69.620057 28.335702
150 26.228769 25.862502
151 20.174849 29.032870
152 78.291662 2.355831
153 62.066586 14.119662
154 63.647894 21.846444
155 66.985066 39.024351
156 43.961861 21.985746
157 42.087009 35.442591
158 64.525217 21.659433
159 42.949501 32.295345
160 54.328279 0.723555
161 70.126650 22.172223
162 69.164065 66.020618
163 64.761260 0.750130
164 75.000078 5.293450
165 63.048683 4.168340
166 68.363442 13.076705
167 51.259551 0.925574
168 75.392502 1.887526
169 19.061275 7.372548
170 31.420189 24.742365
171 70.691688 32.515634
172 55.284304 48.832271
173 51.991356 27.516874
174 52.032902 24.965850
175 41.187481 31.979044
176 54.201747 29.707728
177 47.639314 32.528357
178 45.308175 28.328923
179 58.347486 39.338721
180 58.059106 25.562280
181 38.488623 26.463285
182 53.918919 31.499172
183 54.479614 35.574938
184 23.715377 33.522119
185 40.088866 26.772512
186 49.533189 35.546767
187 23.775304 29.734221
188 30.728474 30.308333
189 52.720085 41.860134
190 50.440127 28.517403
191 38.932964 34.724234
192 65.863542 15.655986
193 62.352688 23.555400
194 46.452086 26.326484
195 52.779336 18.297192
196 48.760481 19.647106
197 23.791261 17.208609
198 23.004700 31.370097
199 52.799160 33.166801
200 53.100420 13.146331
201 52.134522 22.963306
202 56.094933 26.283699
203 51.626271 38.061652
204 64.926214 26.331159
205 9.647275 58.337898
206 43.277380 24.598284
207 40.759039 31.509376
208 15.405179 16.103165
209 60.160774 26.611523
210 33.690534 26.707593
211 39.033724 32.564721
212 70.099132 51.126918
213 50.101430 32.344727
214 61.875945 22.993093
215 66.920168 24.274007
216 49.998859 32.805675
217 64.511885 34.416071
218 55.119719 27.098738
219 38.018346 18.551888
220 73.524819 45.265440
221 37.058617 36.277123
222 51.062623 28.343010
223 45.995260 34.903277
224 44.243825 29.499238
225 60.321078 16.864911
226 27.756561 47.812617
227 46.997515 41.057521
228 74.647585 24.686618
229 41.971448 37.787925
230 39.284219 46.604374
231 22.318631 20.412661
232 45.441911 30.578787
233 61.581755 28.114096
234 36.325587 32.892713
235 26.487493 16.325803
236 46.085884 29.175744
237 64.467658 35.611223
238 66.092851 23.481765
239 42.044641 29.688350
240 40.003801 13.974767
241 28.814820 10.692551
242 68.895804 37.783634
243 55.597566 31.036173
244 43.120727 39.906734
245 58.542372 36.960508
246 56.108878 78.146452
247 78.036528 27.778997
248 23.767405 25.629713
249 35.400237 33.990616
250 55.810687 16.856439
251 26.902320 33.291455
252 51.010781 26.897569
253 38.809716 30.429601
254 35.035868 31.209348
255 14.937349 19.864160
256 56.860138 33.262262
257 40.737684 23.523146
258 53.464162 23.505042
259 57.091151 29.499731
260 27.890897 36.536057
261 57.570119 16.059614
262 47.905363 31.405335
263 43.714493 35.267943
264 36.243757 0.707033
265 6.137065 15.628780
266 4.901857 35.848729
267 6.653409 26.573378
268 33.931192 30.067040
269 37.309613 42.643106
270 67.020231 33.313124
271 70.542877 15.850409
272 21.362817 7.101526
273 43.603429 5.845216
274 53.807400 6.452933
275 69.498825 3.071746
276 35.772748 6.460761
277 30.793168 11.607561
278 46.783959 4.825222
279 54.489157 12.639352
280 18.320418 19.977545
281 41.744843 5.001294
282 24.856088 24.391106
283 29.527229 3.094063
284 71.921047 6.966881
285 51.064694 8.429525
286 47.669813 11.160988
287 33.153512 13.638263
288 12.018829 8.489968
289 42.369198 6.564724
290 49.555877 3.870035
291 54.581020 5.074437
292 34.147528 58.596707
293 56.396150 9.623413
294 60.505924 8.391000
295 74.531509 10.682307
296 60.497241 3.904974
297 56.901044 54.548237
298 35.629978 2.035370
299 54.696768 21.644378
300 74.694379 15.883898
301 44.769647 23.870161
302 64.110913 13.576723
303 67.155414 7.082879
304 60.684500 0.408270
305 41.846325 6.388521
306 21.929489 17.847638
307 44.003502 17.122428
308 53.278507 7.498408
309 21.755629 2.506399
310 32.108093 24.339710
311 27.641136 5.798714
312 48.755142 9.977293
313 29.950313 11.139966
314 33.236661 3.450696
315 32.605228 26.200114
316 55.778671 0.628279
317 78.758410 11.698851
318 44.840048 10.390635
319 48.778345 7.571043
320 56.396926 7.329440
321 66.374689 9.510503
322 79.666931 16.717227
323 65.164474 0.723988
324 45.596195 6.896037
325 50.932101 6.143922
326 36.778816 9.753617
327 40.566392 11.119264
328 48.731089 14.354375
329 39.300966 5.959536
330 49.728084 9.630772
331 38.385503 8.107315
332 39.783899 10.065756
333 58.173780 19.585035
334 34.938562 4.019816
335 51.852915 4.906065
336 27.046887 1.214329
337 37.233832 4.197724
338 45.876045 12.919601
339 46.437740 6.826986
340 40.904054 14.125217
341 21.172412 3.035531
342 25.616945 21.427708
343 56.812062 10.336338
344 62.719418 1.655347
345 63.012005 41.783546
346 52.953595 10.839377
347 30.939294 14.839123
348 44.492993 0.199186
349 37.807088 2.968148
350 43.806649 3.227061
351 39.946928 8.330312
352 34.932088 20.050410
353 60.600133 21.590575
354 30.575620 15.947621
355 32.070265 13.107631
356 29.328909 6.643313
357 49.500041 11.372755
358 69.098840 18.051402
359 60.536244 24.264799
360 73.210485 19.601801
361 40.061976 0.193922
362 65.858876 12.514834
363 59.567464 9.550247
364 53.795652 1.495363
365 32.003386 0.279681
366 68.465818 2.325596
367 43.167630 9.831877
368 28.354879 14.994574
369 33.654533 4.674239
370 24.498120 8.182607
371 15.034235 10.141645
372 17.870585 25.294524
373 60.190661 4.695676
374 54.649764 15.952703
375 53.074322 9.640123
376 53.171976 7.789680
377 69.059699 15.402267
378 41.578920 4.103254
379 60.214876 5.725916
380 72.830004 1.375263
381 58.345795 5.291372
382 25.195563 12.973590
383 30.529829 20.776864
384 74.542187 24.715351
385 55.451942 20.232346
386 54.700237 20.385453
387 59.814126 19.008440
388 55.276463 3.887279
389 48.048972 0.695336
390 63.978917 12.688435
391 70.037158 8.461530
392 57.480858 5.107524
393 46.238712 1.152996
394 35.592675 19.891680
395 19.295448 29.356009
396 38.488731 18.679704
397 37.841823 14.939679
398 52.705414 18.154719
399 33.925479 16.089630
400 41.748965 17.192010
401 10.662141 18.343568
402 33.836522 16.660301
403 20.317798 11.629052
404 47.362381 10.896092
405 25.093203 12.066524
406 38.170394 13.024830
407 34.203810 17.174497
408 44.993133 16.573611
409 43.850221 16.124793
410 46.536071 18.837062
411 51.867785 15.559396
412 35.508378 15.587250
413 58.940390 15.533315
414 47.477736 4.701545
415 39.420059 11.379624
416 27.752627 10.387542
417 44.608198 13.229868
418 44.800031 14.811854
419 28.884418 15.053374
420 36.229392 14.551088
421 31.442092 32.459689
422 33.670713 11.853107
423 38.396683 15.706460
424 47.335327 16.174341
425 61.293032 18.542602
426 15.914320 11.130932
427 27.677981 29.049534
428 29.488248 18.660260
429 65.677038 3.999188
430 70.268506 9.416831
431 46.202082 18.230179
432 40.160796 13.552961
433 87.114601 7.257802
434 56.510922 16.689763
435 44.400428 0.275981
436 25.479653 14.747529
437 78.778085 14.856890
438 42.868471 15.106132
439 58.406526 60.632651
440 47.323980 18.189467
441 44.955178 36.609582
442 31.756752 19.339206
443 49.696834 28.318112
444 69.577119 20.828673
445 61.400730 10.117419
446 46.496118 91.293606
447 52.861976 64.406919
448 50.915718 1.031412
449 28.171312 2.139573
450 65.902387 20.997688
451 39.593399 19.296788
452 45.477720 14.205260
453 49.630116 25.504642
454 42.095954 26.045696
455 58.052625 22.633806
456 40.037522 4.254665
457 38.793871 2.035421
458 46.950219 36.517998
459 70.192015 75.137898
460 31.878039 7.155054
461 52.877859 96.601549
462 34.459343 21.990921
463 6.485954 68.834289
464 5.865206 73.046735
465 10.029292 76.680050
466 5.394186 25.744818
467 10.713410 41.531225
468 41.855090 2.599346
469 42.413378 39.750141
470 34.025260 43.710040
471 30.689073 95.364906
472 29.558904 95.091809
473 29.131936 92.775811
474 32.158005 87.750928
475 83.657320 9.357883
476 45.637110 36.835535
477 42.197921 30.258529
478 31.368765 24.899382
479 36.573078 29.998966
480 19.702185 26.725114
481 11.929148 89.030793
482 17.816690 14.331053
483 43.407818 23.843510
484 40.869327 18.460308
485 61.871395 18.889191
486 33.160389 9.390117
487 51.050099 36.619913
488 60.939105 35.195881
489 54.376737 38.030733
490 31.267481 19.385961
491 23.083885 21.666408
492 32.134942 21.026697
493 24.004767 85.950189
494 75.922487 21.554239
495 26.648999 18.772819
496 74.331239 19.864465
497 80.234311 10.987456
498 39.871574 38.096695
499 29.875715 23.049780
500 58.237040 49.309661
501 55.847106 51.158506
502 41.582534 20.316365
503 41.772571 23.809816
504 51.047778 29.662772
505 18.165453 10.741840
506 64.637794 19.354133
507 52.891973 18.937614
508 57.167348 25.969336
509 2.262694 56.948903
510 33.965630 70.320636
511 18.427241 73.135193
512 15.066580 30.571054
513 43.548692 9.589617
514 17.263879 22.858423
515 33.711446 48.856134
516 17.723201 44.100454
517 31.720142 89.947160
518 2.119757 71.082149
519 23.967573 37.542814
520 24.871157 72.751041
521 28.366145 62.100730
522 47.649900 83.322588
523 20.213621 24.979798
524 13.754832 66.551879
525 25.307129 91.454568
526 25.197419 92.106119
527 20.531934 95.146597
528 16.075236 95.210922
529 15.815077 93.852278
530 50.449488 17.354288
531 53.342703 32.509247
532 31.758128 31.116555
533 71.819147 25.944959
534 10.751576 73.810717
535 5.728249 78.983918
536 46.864614 88.910164
537 40.907457 35.263038
538 35.374569 29.624046
539 81.155578 5.569506
540 63.861365 29.699925
541 36.394206 34.358391
542 29.006524 23.186531
543 71.950321 23.006503
544 34.607794 5.331247
545 92.157659 31.627973
546 60.812266 30.107374
547 81.822286 28.555840
548 86.325023 28.377877
549 12.377150 17.395204
550 61.350496 55.315407
551 26.241016 44.218761
552 38.145261 49.105604
553 34.637306 64.571572
554 76.251752 72.853818
555 17.442166 85.980424
556 46.589222 85.153030
557 78.254187 46.574820
558 73.639257 92.189401
559 99.401727 50.999282
560 9.735993 19.798207
561 66.865383 54.907947
562 21.170125 14.376474
563 19.854018 14.233769
564 86.896406 40.536309
565 90.567211 71.322503
566 84.214447 75.318698
567 86.091266 65.034828
568 71.719707 27.521806
569 71.378000 91.406880
570 50.745401 88.578771
571 79.603538 89.833001
572 78.743065 91.668823
573 74.716940 15.630358
574 15.347785 76.002249
575 55.283786 23.764840
576 27.959474 28.027754
577 44.313128 21.382266
578 11.935209 32.398638
579 20.176315 16.575815
580 17.000594 28.347216
581 24.589430 83.543683
582 63.782180 91.178044
583 36.041253 87.533934
584 3.868582 97.496806
585 2.874598 93.317107
586 2.064022 33.197437
587 29.279858 40.681190
588 9.920412 49.088660
589 18.242836 29.806333
590 15.191604 39.420183
591 17.586763 32.267856
592 32.946150 34.535790
593 9.900508 33.707766
594 10.413319 36.875749
595 19.061256 86.904552
596 79.372059 48.000907
597 81.243215 59.208795
598 79.301077 43.592702
599 82.161922 69.608049
600 83.049307 68.735741
601 80.289284 77.120871
602 74.015997 28.230872
603 72.027006 90.458406
604 6.215183 57.542707
605 73.804775 88.224916
606 12.671707 67.876582
607 4.471828 67.055741
608 12.608598 74.602827
609 11.707832 82.521478
610 86.455626 45.805693
611 87.124677 79.356465
612 39.940016 60.347052
613 77.004947 58.890598
614 64.616822 37.462637
615 48.541120 14.799495
616 81.856611 40.559483
617 44.664207 42.410115
618 75.474963 28.350549
619 28.476216 37.803328
620 58.893417 46.081539
621 69.579584 40.847446
622 63.189639 31.509107
623 60.019647 26.884728
624 14.511108 64.967155
625 62.232084 38.161847
626 59.958469 38.566850
627 56.169921 56.819201
628 51.795883 35.194793
629 75.624806 39.372760
630 85.293090 84.269892
631 70.787050 64.449698
632 96.549957 48.459097
633 6.809900 91.077253
634 3.237382 90.611105
635 8.853253 96.163018
636 2.108001 86.653774
637 1.890481 81.636115
638 9.822497 91.498291
639 13.006921 93.976458
640 3.667381 82.538707
641 57.278589 44.553293
642 65.132074 54.127623
643 64.236630 28.073261
644 45.510943 53.106846
645 83.184797 10.808827
646 17.449818 37.015465
647 9.001922 30.329737
648 37.841993 84.578458
649 79.889656 33.024060
650 23.333419 63.588489
651 38.097644 66.660371
652 60.207602 78.641815
653 42.900132 45.485445
654 48.074960 36.746898
655 66.347904 47.858842
656 38.643135 45.476621
657 22.754507 12.164705
658 60.191127 91.132164
659 36.533649 83.044116
660 17.057262 38.343856
661 64.996695 86.033317
662 28.409386 67.592505
663 59.463721 78.510914
664 46.938988 45.753155
665 43.630170 41.192098
666 19.584246 35.529627
667 82.640253 35.095903
668 14.647074 28.930284
669 72.883302 30.475176
670 1.299857 47.230999
671 60.380742 57.772990
672 57.314618 57.773394
673 68.771149 48.371019
674 29.586415 46.797089
675 14.430774 24.676791
676 12.774669 25.544678
677 5.334373 30.625345
678 17.579240 32.081614
679 7.409725 35.032667
680 7.188483 35.094151
681 2.052465 34.070396
682 62.273798 49.915504
683 49.829762 40.745286
684 49.278512 44.424102
685 46.497109 40.773532
686 73.515607 39.061863
687 45.786885 34.543218
688 46.927695 55.204913
689 51.319978 51.980524
690 47.099863 55.982127
691 46.617197 48.306445
692 32.648305 37.872813
693 43.107969 45.789387
694 36.362841 23.630709
695 28.108639 76.557326
696 41.933230 53.495789
697 46.904460 64.505800
698 32.557995 49.810375
699 61.610201 33.280110
700 34.685020 21.345510
701 48.122622 25.074955
702 44.379233 51.700465
703 40.640919 58.554168
704 48.676504 52.508776
705 39.131224 51.548609
706 55.135929 97.657592
707 26.223245 41.175928
708 46.464755 62.991324
709 19.968982 31.873591
710 14.067516 42.752160
711 15.701186 39.555579
712 16.599326 33.204680
713 38.823553 39.059271
714 16.519798 59.948333
715 5.361980 41.081298
716 31.847864 16.237281
717 18.539180 49.133795
718 15.354491 49.482289
719 19.028495 52.757694
720 22.063756 40.558848
721 13.257393 21.759803
722 15.699304 74.246891
723 48.009936 22.618529
724 27.608205 24.069583
725 38.871636 64.596388
726 8.278109 43.905149
727 10.643069 45.087256
728 29.772647 74.728294
729 15.373643 26.945860
730 19.167057 59.313981
731 12.988339 52.659356
732 9.646953 66.444672
733 13.033381 62.085937
734 4.833719 46.327483
735 10.988470 55.457929
736 6.298630 49.289543
737 23.607690 52.500766
738 61.532775 38.559046
739 8.693524 53.161381
740 2.291929 49.603801
741 7.340136 60.015203
742 6.290832 53.619438
743 34.191594 63.379049
744 3.038847 57.426907
745 16.811180 53.052259
746 24.500827 34.634759
747 11.386129 49.630562
748 15.046760 49.979343
749 36.027082 45.336291
750 11.247539 44.590287
751 19.654616 46.510223
752 15.226216 55.213439
753 27.580040 44.977558
754 21.641976 41.044503
755 26.795428 41.169824
756 33.581174 41.600876
757 34.182615 34.374338
758 22.169459 53.349071
759 13.660295 58.477098
760 1.281585 44.077318
761 31.150485 42.380488
762 19.177053 36.722658
763 26.550837 40.770520
764 14.426540 49.443930
765 19.906316 34.241922
766 9.386466 31.315536
767 14.661746 45.616761
768 13.494732 35.251485
769 16.529900 46.663127
770 22.487979 37.565063
771 16.241140 74.987391
772 33.852420 36.417279
773 28.678966 42.526177
774 6.665743 76.577231
775 14.368672 66.213679
776 4.713111 69.347260
777 1.508592 75.822251
778 23.780301 68.704554
779 26.971247 66.340333
780 17.791955 65.453064
781 22.115813 48.012128
782 18.425367 50.375658
783 28.694643 38.504174
784 31.171202 70.150761
785 29.746436 76.663045
786 8.568203 48.760507
787 31.615332 48.024080
788 21.574273 55.110317
789 34.181454 43.586523
790 31.391108 54.078191
791 30.846688 50.527509
792 33.977181 84.184078
793 56.584762 88.170440
794 27.636098 85.196031
795 51.832702 90.721088
796 61.114375 97.328966
797 68.197197 44.466058
798 5.588238 62.178636
799 14.723145 35.204203
800 35.699738 57.017812
801 13.269180 46.693167
802 10.557530 59.219812
803 22.340209 55.182399
804 25.052613 39.755359
805 19.843588 46.441146
806 4.376739 60.385977
807 0.641991 35.352364
808 12.994231 39.574272
809 22.946819 70.824678
810 18.128156 62.233046
811 20.392595 34.274123
812 6.929571 64.223935
813 13.718945 63.108220
814 11.606914 62.589996
815 31.789264 60.936904
816 21.417387 56.913234
817 30.884433 68.577395
818 34.495216 51.292177
819 62.973338 95.271892
820 39.836226 81.985524
821 48.641835 77.716915
822 26.577459 57.315989
823 65.296771 92.787493
824 24.475509 75.896808
825 48.152329 80.579357
826 3.719842 77.279035
827 8.069963 72.410715
828 13.288755 14.934218
829 12.984898 86.447685
830 7.952770 28.071332
831 11.505488 28.127824
832 7.034970 20.931303
833 15.518144 52.120827
834 16.379982 61.515540
835 1.323362 66.563937
836 20.716998 63.701802
837 1.494631 63.405225
838 8.215878 54.906212
839 18.507887 58.451923
840 14.812971 45.434008
841 6.449309 40.128787
842 18.917585 40.603625
843 23.821923 52.401301
844 25.758828 37.374060
845 38.749003 47.040070
846 40.538371 51.791309
847 32.267094 38.623390
848 39.402091 43.920827
849 36.130198 45.918255
850 27.916463 48.944519
851 36.130193 27.890595
852 27.054658 52.578163
853 19.854298 60.278732
854 17.655571 62.160675
855 11.969118 66.326028
856 2.840104 64.827703
857 15.229387 56.468521
858 4.137611 59.554909
859 14.116878 14.224648
860 15.532006 41.057083
861 8.655120 14.793262
862 10.440870 26.827991
863 10.494161 39.025675
864 30.487435 28.585287
865 0.506332 55.940994
866 21.064277 41.110066
867 30.003968 33.240631
868 1.489111 40.203712
869 29.704464 46.715227
870 1.642723 24.900690
871 31.383580 53.493165
872 56.084563 34.128394
873 26.717215 52.424242
874 29.339729 19.894100
875 22.101081 25.787366
876 11.329444 53.050936
877 11.696122 50.003195
878 14.776875 42.045431
879 63.812110 59.501048
880 27.790141 28.114798
881 13.655126 30.565027
882 6.659297 64.370204
883 13.899579 55.965573
884 10.861102 47.419697
885 12.418258 43.566290
886 19.355486 34.685589
887 29.601030 40.266849
888 7.600378 22.437901
889 25.740851 28.331278
890 59.692925 69.866457
891 45.868277 47.012796
892 2.893098 50.964600
893 60.899359 71.412830
894 35.769989 71.386937
895 37.648372 69.029248
896 43.504165 61.211724
897 68.631557 52.187317
898 60.883658 52.861251
899 58.690823 70.073120
900 62.829123 75.483721
901 45.696817 82.013763
902 48.793480 77.383060
903 50.821519 80.831611
904 32.797312 60.454582
905 30.651939 74.041689
906 61.477595 94.847675
907 49.710764 53.339788
908 67.451615 94.720057
909 50.302550 80.206573
910 35.730951 87.192204
911 39.742492 91.184341
912 44.172453 49.364507
913 49.044037 56.191728
914 45.378138 64.162148
915 35.532624 40.159204
916 38.065128 54.747410
917 40.206577 60.797032
918 33.230863 51.193197
919 51.812951 65.473303
920 41.264024 76.539290
921 41.296548 78.221799
922 39.959677 82.144131
923 44.350467 72.837424
924 39.276732 69.065126
925 40.928098 63.430973
926 60.486140 46.771403
927 30.952356 45.766133
928 3.824471 27.484817
929 6.424517 36.962818
930 39.486145 41.575440
931 3.914707 61.644887
932 0.629674 60.197782
933 13.675470 61.575169
934 68.311319 53.585110
935 51.102478 66.118473
936 58.329423 54.923319
937 76.557533 46.057511
938 64.911088 64.063941
939 68.755614 56.168955
940 50.969073 54.042414
941 79.315358 42.436866
942 67.276031 34.927705
943 53.923846 77.879056
944 1.542843 53.939764
945 35.644980 62.013856
946 39.993668 72.874760
947 65.195777 69.490249
948 47.720515 68.809571
949 47.269447 37.445518
950 42.941891 44.869860
951 44.717710 59.572472
952 41.271396 46.177010
953 30.983174 47.174419
954 47.970231 36.806792
955 20.738878 54.057273
956 26.156620 58.999657
957 77.636118 66.491273
958 64.252237 55.833892
959 26.521508 54.085299
960 71.224667 59.178848
961 69.449220 60.800893
962 54.736644 63.033243
963 60.602440 71.095888
964 64.965840 76.134706
965 72.904938 45.829399
966 63.412711 82.009293
967 52.302750 87.858905
968 61.107200 86.349336
969 34.596660 73.508760
970 41.430901 79.282220
971 52.599340 38.438849
972 38.347668 60.848599
973 42.157303 66.739776
974 30.207324 59.613931
975 43.501708 81.175238
976 50.212755 61.703903
977 55.644377 35.174665
978 49.527975 60.997739
979 63.933243 50.723751
980 81.147840 72.438036
981 45.193851 52.986480
982 44.438151 85.819851
983 74.243093 49.731739
984 88.682359 59.592916
985 85.016733 41.474777
986 67.987098 55.066240
987 54.612805 54.143969
988 65.281637 47.399949
989 31.722611 91.914606
990 48.407756 89.686262
991 35.892393 87.345042
992 69.639794 48.141664
993 48.094041 65.063597
994 34.055706 75.322240
995 68.527073 72.513571
996 32.317931 66.716906
997 68.078801 44.652904
998 78.216828 80.112492
999 41.933947 69.921615
1000 74.496551 50.461244
1001 37.945047 60.879221
1002 31.106982 62.766106
1003 81.249960 45.097627
1004 66.715403 87.909697
1005 49.379276 85.074533
1006 65.341422 77.184937
1007 74.338235 79.299670
1008 87.511390 37.815995
1009 83.819655 80.920209
1010 85.477341 40.545345
1011 78.735318 43.487404
1012 39.680635 65.053851
1013 47.627357 63.132464
1014 11.870909 97.937339
1015 55.166414 59.518451
1016 63.658748 59.478572
1017 52.764279 44.473763
1018 88.660102 48.174761
1019 79.307362 40.548532
1020 35.869638 11.437362
1021 72.481134 42.946593
1022 69.457539 21.653026
1023 78.539436 29.588329
1024 23.981890 47.161853
1025 3.361857 39.596138
1026 59.673957 46.312838
1027 37.799376 24.568606
1028 23.706444 50.133834
1029 58.166171 46.819796
1030 73.089584 41.918412
1031 54.880492 26.442837
1032 64.865066 53.955969
1033 4.492537 53.714087
1034 63.508871 45.735235
1035 48.132308 33.226932
1036 63.817511 54.288801
1037 78.799033 31.736776
1038 82.495817 19.294090
1039 68.963201 41.696939
1040 59.807880 74.997740
1041 87.793512 23.967083
1042 62.856019 44.746149
1043 73.509409 18.298911
1044 91.734687 35.109528
1045 79.467536 64.582549
1046 67.819858 18.137190
1047 51.055583 55.599495
1048 35.625880 16.850958
1049 58.704925 52.510380
1050 53.770398 50.166038
1051 73.674137 33.451321
1052 36.608760 24.643964
1053 65.010767 47.492013
1054 94.895313 35.617918
1055 83.504253 24.968874
1056 82.627561 27.494698
1057 53.475047 40.297742
1058 88.926094 18.022521
1059 82.815981 43.182599
1060 84.787106 55.573895
1061 47.530601 56.448881
1062 71.156612 38.078880
1063 67.623327 26.327081
1064 77.065755 36.101508
1065 69.003166 60.675655
1066 29.798981 33.608908
1067 71.482183 34.404025
1068 64.524166 59.505377
1069 81.001581 38.949208
1070 83.497789 20.099742
1071 48.320285 42.092382
1072 34.532308 9.882090
1073 73.168575 85.305334
1074 91.237150 49.251053
1075 70.736806 78.520735
1076 84.195787 87.871009
1077 6.151570 49.483342
1078 43.570834 62.627485
1079 38.515080 67.948706
1080 54.179511 47.232077
1081 50.494184 23.833034
1082 94.563178 66.803141
1083 71.457215 36.655991
1084 65.198638 43.570411
1085 42.239180 50.752106
1086 65.203856 17.476962
1087 57.116151 42.892312
1088 45.649692 66.836658
1089 73.927068 53.642201
1090 67.664833 64.116381
1091 70.041307 64.003122
1092 83.105101 31.622504
1093 18.149361 54.553933
1094 63.314077 42.817469
1095 25.331065 98.477936
1096 50.118382 69.921444
1097 38.140998 56.547527
1098 52.889542 74.101410
1099 49.298746 88.966481
1100 58.664344 40.274254
1101 21.796869 98.087024
1102 45.066166 73.545901
1103 48.857958 47.516924
1104 57.389441 78.483254
1105 85.298402 30.817388
1106 94.400983 42.485594
1107 75.849991 34.745889
1108 50.981732 57.528502
1109 58.748808 66.036590
1110 53.472910 59.364450
1111 38.924140 95.177010
1112 72.269736 94.376118
1113 87.012311 27.140272
1114 13.869852 56.977921
1115 46.327830 74.015270
1116 73.563402 60.379702
1117 52.831129 77.782495
1118 40.017691 86.925855
1119 48.893464 93.937709
1120 56.525488 40.963093
1121 65.856936 57.700556
1122 76.768682 45.896535
1123 61.196594 47.649503
1124 23.185745 47.329484
1125 63.554386 52.972723
1126 49.970787 89.068234
1127 61.428638 43.622308
1128 24.237450 27.832216
1129 68.849649 52.667802
1130 69.412673 73.203553
1131 61.768446 70.399138
1132 65.795199 51.365904
1133 71.983491 46.302139
1134 63.100076 66.375528
1135 57.398832 55.803672
1136 63.977348 55.882424
1137 59.168042 61.897919
1138 66.765421 71.578765
1139 62.904110 56.658893
1140 61.432288 58.504031
1141 61.318473 70.304427
1142 69.412641 77.960560
1143 66.220956 84.027639
1144 63.487677 75.247853
1145 51.909919 40.771756
1146 38.869567 22.895733
1147 40.925872 33.110435
1148 58.005620 74.027931
1149 60.468572 58.476056
1150 59.783189 57.775173
1151 62.221075 65.612314
1152 62.752231 62.617858
1153 62.461216 66.744584
1154 39.830448 48.275327
1155 50.709301 49.279160
1156 43.812174 64.063512
1157 37.407742 52.740500
1158 42.241852 68.712504
1159 18.429155 48.948241
1160 43.387638 39.812044
1161 47.856020 60.730288
1162 42.353698 49.822357
1163 43.015409 71.049331
1164 65.601491 28.871374
1165 59.283481 36.413452
1166 33.269081 36.087234
1167 28.607900 55.034602
1168 26.134492 58.464903
1169 26.085972 52.739968
1170 10.056939 61.844516
1171 52.136170 61.450624
1172 50.344549 16.802887
1173 46.169542 29.219344
1174 53.386901 42.610225
1175 43.791041 30.650996
1176 52.609966 12.590397
1177 43.876320 45.164189
1178 47.118534 25.819907
1179 41.018420 50.550532
1180 46.117501 46.912181
1181 40.661591 45.480434
1182 50.880737 50.666518
1183 51.098619 49.467992
1184 57.549763 55.621957
1185 78.087573 33.912469
1186 89.621843 29.376399
1187 44.758515 58.295468
1188 49.666842 99.484756
1189 40.374771 95.860686
1190 61.367303 75.104285
1191 75.063281 38.122651
1192 38.551407 38.230992
1193 35.729801 63.066851
1194 38.911844 99.025303
1195 87.747775 21.518898
1196 54.323693 62.442228
1197 61.365319 62.423355
1198 53.645710 58.237640
1199 65.297710 72.160577
1200 55.958314 65.662755
1201 69.510667 72.537828
1202 65.391739 68.225539
1203 65.969884 95.641519
1204 66.519675 72.715663
1205 74.588485 92.936724
1206 64.508541 69.794987
1207 54.119720 59.783410
1208 60.377576 62.366763
1209 80.589129 51.417431
1210 65.155958 61.538283
1211 64.468149 75.830724
1212 52.862223 43.380571
1213 58.922304 53.814869
1214 75.919361 40.576184
1215 53.891097 74.501732
1216 83.350891 44.547877
1217 89.273477 87.193781
1218 68.639401 76.004835
1219 78.135922 70.262158
1220 70.008980 70.997726
1221 72.899270 60.444848
1222 53.100973 77.348673
1223 88.075336 93.237140
1224 46.216899 26.697399
1225 30.544340 78.655039
1226 94.478806 73.874367
1227 42.786865 90.746489
1228 41.882828 87.592795
1229 87.090565 31.085134
1230 44.828583 72.607261
1231 61.366427 53.845670
1232 30.284684 65.235868
1233 53.065725 54.782364
1234 59.560106 57.741132
1235 74.200318 55.068331
1236 61.632149 51.665090
1237 42.722200 68.352161
1238 83.454437 93.356220
1239 46.105564 98.376025
1240 67.495637 65.890372
1241 72.130090 41.681603
1242 85.830480 73.490501
1243 80.027200 59.448776
1244 72.348594 53.654045
1245 77.640549 62.273119
1246 76.106093 67.484900
1247 31.378737 64.841442
1248 37.462977 80.567630
1249 35.711606 76.781662
1250 32.675567 75.121635
1251 19.738248 99.290623
1252 77.584553 50.197464
1253 52.747720 79.194507
1254 32.717193 58.995599
1255 31.461900 69.057864
1256 6.628359 14.743908
1257 17.220425 39.646210
1258 16.536114 65.958529
1259 5.907724 36.534914
1260 22.492980 57.327857
1261 21.672082 96.001797
1262 5.113717 29.035862
1263 25.641637 73.257149
1264 35.193232 54.171328
1265 1.284107 51.688266
1266 41.665698 58.662682
1267 40.999740 83.710459
1268 31.239874 39.833985
1269 39.185572 54.588478
1270 26.920646 44.263341
1271 38.002033 59.948530
1272 26.532854 18.951757
1273 43.169242 49.368670
1274 42.722245 46.295656
1275 66.672245 52.124032
1276 36.033284 72.281761
1277 24.659432 49.212871
1278 50.840577 61.718770
1279 26.099946 21.965779
1280 52.602104 67.926551
1281 49.142806 39.850317
1282 36.988414 53.537818
1283 33.632578 47.174304
1284 47.253490 49.772320
1285 44.787468 56.354547
1286 48.750990 66.339948
1287 43.854553 62.564287
1288 57.505251 60.377634
1289 47.012535 52.038884
1290 29.292553 60.011155
1291 48.747929 23.217846
1292 30.008685 43.020184
1293 29.300019 35.338134
1294 54.872693 54.777553
1295 46.615775 50.326261
1296 55.164295 48.803935
1297 24.669457 38.513465
1298 37.717291 40.548874
1299 61.855416 38.781628
1300 31.733707 56.381795
1301 33.748345 51.123413
1302 19.531948 56.379454
1303 32.944263 41.911159
1304 34.517134 43.445772
1305 39.106785 57.344494
1306 30.491640 61.842632
1307 37.866352 63.728384
1308 39.914312 66.109851
1309 33.483717 54.715833
1310 29.557388 34.527228
1311 27.794051 63.266509
1312 41.943642 57.708492
1313 36.269787 58.347321
1314 10.058129 11.020334
1315 65.186288 73.121325
1316 36.747984 49.342049
1317 58.270250 64.993761
1318 13.066666 70.083188
1319 47.438714 23.208559
1320 33.566497 55.849480
1321 35.577489 59.473780
1322 18.719756 68.173915
1323 44.194368 94.293229
1324 41.195304 94.129766
1325 29.896705 83.693367
1326 24.932901 59.148806
1327 46.522125 31.810605
1328 49.775702 20.923973
1329 41.208236 54.715164
1330 76.028850 67.229979
1331 24.362669 60.795889
1332 35.048784 61.403031
1333 2.861692 20.881811
1334 19.510716 83.038105
1335 20.880857 43.300130
1336 35.885649 51.777461
1337 35.585972 62.783516
1338 36.312729 60.952947
1339 48.921251 60.139457
1340 58.322443 57.021132
1341 48.197882 66.322526
1342 44.478427 92.030602
1343 57.813222 49.519022
1344 36.120656 52.275658
1345 40.733721 62.556241
1346 17.144681 63.840378
1347 39.974594 60.958365
1348 21.943667 44.035370
1349 47.674168 45.081102
1350 31.260981 51.219790
1351 55.715662 85.042159
1352 31.347031 60.311367
1353 46.097276 39.672984
1354 45.069966 51.913860
1355 9.863648 23.389807
1356 20.662255 51.620334
1357 46.368010 58.556945
1358 24.909836 76.907115
1359 15.399711 87.637675
1360 12.213777 78.883254
1361 9.258706 87.827754
1362 18.774727 90.233011
1363 1.402225 37.301165
1364 6.995954 81.180282
1365 49.255497 58.341054
1366 36.730300 51.564291
1367 24.809329 35.750602
1368 9.173219 40.312940
1369 37.996308 37.303058
1370 82.792244 15.538992
1371 30.344279 57.090881
1372 27.069816 33.901061
1373 36.024770 66.733428
1374 35.084707 53.080021
1375 40.098548 78.498847
1376 31.169752 63.941009
1377 3.728544 31.532435
1378 40.183797 48.645799
1379 28.171868 56.123900
1380 41.452739 52.754872
1381 21.704874 58.550385
1382 11.203858 79.373068
1383 28.510720 65.731419
1384 31.272853 67.739838
1385 25.581326 51.812432
1386 26.031978 61.062482
1387 33.484078 56.264652
1388 38.325418 52.180498
1389 41.903381 52.165822
1390 47.478083 72.830305
1391 47.146096 86.470878
1392 64.706304 60.879107
1393 42.757503 61.447937
1394 41.353647 64.846624
1395 42.856342 64.926992
1396 44.265899 88.086953
1397 24.272988 60.987199
1398 22.138339 62.029373
1399 29.890212 59.105537
1400 31.877160 56.220170
1401 20.745358 66.911285
1402 27.945469 62.350830
1403 87.208479 34.401914
1404 84.062822 37.075213
1405 50.814528 54.883484
1406 52.268457 44.961378
1407 33.518719 38.042791
1408 36.885495 44.476878
1409 43.631944 42.685568
1410 66.741543 29.268850
1411 9.402234 64.413683
1412 0.987016 68.828939
1413 85.388261 36.134806
1414 49.659179 43.653424
1415 36.318894 36.101873
1416 7.109546 44.986179
1417 54.622399 34.579155
1418 66.496779 28.792026
1419 58.736191 34.547387
1420 49.181957 40.228938
1421 23.379093 45.639832
1422 30.608207 47.397843
1423 33.422362 44.767523
1424 90.430775 20.712710
1425 57.937844 40.228436
1426 53.017443 44.889765
1427 44.548364 46.621000
1428 37.815780 40.727900
1429 44.171097 43.432987
1430 38.674333 43.395197
1431 46.111011 41.867889
1432 70.349304 54.385018
1433 57.569037 48.699517
1434 26.745951 49.010251
1435 48.523948 43.818982
1436 42.436014 34.967283
1437 1.564531 46.202115
1438 51.431777 48.241855
1439 76.411434 41.735455
1440 36.509164 46.828091
1441 33.899561 31.063356
1442 39.173455 41.625253
1443 21.113720 43.022574
1444 76.508588 31.784032
1445 85.650940 25.549251
1446 81.601581 55.073996
1447 84.817934 35.032962
1448 23.809228 31.411257
1449 47.613032 48.199551
1450 45.429052 49.792210
1451 36.833706 41.299622
1452 74.795402 49.295412
1453 75.721952 43.117098
1454 78.161882 38.342071
1455 67.150934 42.640417
1456 80.859510 39.387573
1457 87.765856 33.654625
1458 33.899542 66.883900
1459 25.593712 57.074865
1460 17.894878 45.237415
1461 22.501685 71.530607
1462 5.283473 42.358069
1463 78.684276 22.037469
1464 22.966664 51.431668
1465 30.363970 45.370875
1466 24.994121 43.602503
1467 26.623612 70.899527
1468 80.770406 30.229310
1469 38.447443 35.969626
1470 49.915585 46.744562
1471 55.632878 31.467235
1472 21.917248 39.367969
1473 29.725615 45.371441
1474 19.909876 17.310802
1475 39.471044 47.388860
1476 29.561907 51.228613
1477 11.106797 36.225450
1478 38.384765 29.722513
1479 4.553989 43.304018
1480 51.325473 32.476035
1481 59.365400 31.791830
1482 39.676824 27.903538
1483 61.601573 35.497179
1484 62.496754 47.361266
1485 23.501880 84.747858
1486 32.497565 78.247285
1487 81.728848 67.811159
1488 95.936869 67.123716
1489 91.943742 22.112793
1490 91.243166 13.266201
1491 93.390372 18.395060
1492 93.686630 76.049207
1493 79.613061 71.352409
1494 84.468141 75.415278
1495 83.856059 55.661173
1496 78.859192 62.834079
1497 81.036894 62.468735
1498 77.637293 57.551567
1499 86.463219 57.002793
1500 87.283967 64.489097
1501 54.549822 67.926057
1502 78.291372 59.123383
1503 73.741970 61.935895
1504 84.414706 62.055036
1505 83.089175 52.964397
1506 82.095616 68.521659
1507 98.506597 72.363974
1508 93.715074 79.213065
1509 98.287155 27.312502
1510 98.573926 66.506931
1511 99.035504 43.142859
1512 99.380127 69.218506
1513 98.287002 53.436209
1514 97.777590 80.659438
1515 99.070499 67.230068
1516 96.982727 76.907854
1517 97.404131 19.786520
1518 99.030020 73.854306
1519 98.541904 31.680908
1520 98.990656 38.088290
1521 97.844791 59.988345
1522 98.275271 76.249310
1523 96.494871 72.523429
1524 99.219544 35.521893
1525 96.122545 23.804952
1526 95.974652 43.155179
1527 87.622890 64.769070
1528 98.933029 56.842555
1529 98.884302 55.911604
1530 97.096019 28.780319
1531 66.942913 60.002517
1532 72.920416 81.615933
1533 95.140939 63.317368
1534 99.418657 51.756586
1535 61.041917 73.734047
1536 82.569353 60.295605
1537 51.287647 85.227215
1538 62.848685 89.456594
1539 75.620844 87.090890
1540 67.719128 91.159665
1541 59.446731 90.397315
1542 94.132259 27.843406
1543 92.403840 44.631551
1544 91.217867 25.675045
1545 89.095988 35.864822
1546 91.998347 51.744256
1547 95.427808 53.865216
1548 95.245190 62.860667
1549 93.524293 39.937350
1550 98.954924 39.705102
1551 98.688044 46.755726
1552 90.520705 61.701833
1553 87.383830 54.193064
1554 92.920395 59.841211
1555 84.808314 67.287066
1556 91.952827 66.012218
1557 98.024764 41.827559
1558 96.047657 32.228675
1559 98.026144 34.590268
1560 96.032143 56.927080
1561 93.462805 62.925250
1562 90.907893 61.334357
1563 89.532274 67.826789
1564 80.632360 49.233225
1565 94.797485 44.456940
1566 87.222485 64.403875
1567 90.942632 64.245250
1568 81.177288 67.794954
1569 88.029948 71.362314
1570 89.518726 68.212713
1571 89.782749 70.071649
1572 94.176980 70.370533
1573 86.132118 64.361439
1574 82.194316 73.404991
1575 82.642121 71.704989
1576 89.397141 65.001955
1577 98.172766 55.266625
1578 86.547109 60.453920
1579 90.861065 28.165945
1580 81.812313 78.913815
1581 71.164505 58.673721
1582 86.090286 51.877855
1583 86.237049 53.303984
1584 95.572344 38.683320
1585 94.348049 30.447706
1586 97.835796 50.044758
1587 97.238226 38.160427
1588 81.178829 61.062569
1589 82.856007 58.986298
1590 83.079111 51.194030
1591 87.523457 58.858557
1592 83.334666 56.927444
1593 85.600460 50.005200
1594 91.264425 55.597132
1595 94.272742 47.253182
1596 92.238115 55.943880
1597 92.400919 36.957193
1598 98.854122 44.781079
1599 91.935013 39.865012
1600 94.281338 56.807769
1601 83.198580 64.469027
1602 90.996111 45.725681
1603 90.132386 56.586702
1604 89.858779 74.639484
1605 81.053168 63.775718
1606 86.125885 69.996007
1607 93.308489 70.380585
1608 90.856732 50.175631
1609 94.174715 58.638584
1610 86.654993 69.967998
1611 88.229796 51.274140
1612 87.508797 44.560047
1613 85.163832 49.362442
1614 82.053600 55.984277
1615 91.146166 82.447528
1616 75.331672 62.522326
1617 93.461527 82.755061
1618 73.094105 64.746451
1619 75.573326 62.414331
1620 74.558744 72.476633
1621 72.242963 81.073324
1622 72.995285 80.503490
1623 71.376005 68.373545
1624 78.074893 86.571850
1625 69.122076 67.817101
1626 68.276736 68.510178
1627 68.413706 67.561382
1628 72.748477 66.633569
1629 73.045454 67.274495
1630 82.958803 82.931743
1631 73.042401 71.140659
1632 79.229072 74.391711
1633 69.718318 63.077277
1634 76.207334 77.358075
1635 78.811589 67.788794
1636 68.065329 69.174317
1637 67.564051 61.770463
1638 98.723517 64.603246
1639 93.237306 26.693087
1640 89.508556 44.668418
1641 74.502706 64.471055
1642 77.549722 72.109803
1643 95.573127 52.006227
1644 98.487678 70.296990
1645 79.152344 82.042814
1646 91.593413 89.706120
1647 92.656673 84.728060
1648 87.439494 48.655573
1649 89.308075 81.405665
1650 13.360329 97.579327
1651 27.153766 99.159000
1652 39.799860 98.768521
1653 35.569878 99.781107
1654 69.396219 95.951669
1655 65.632897 67.142984
1656 26.174918 55.604898
1657 8.197862 57.451366
1658 39.051285 42.622683
1659 27.557698 84.702560
1660 35.192092 27.008791
1661 30.465695 72.322266
1662 30.468335 72.593860
1663 34.046302 36.989521
1664 31.822143 72.239625
1665 75.964427 80.232927
1666 53.340870 53.788610
1667 55.642146 55.316733
1668 54.621683 55.348515
1669 55.305917 71.693993
1670 45.671907 69.233439
1671 25.719848 64.518875
1672 43.859888 30.895052
1673 34.399517 76.232429
1674 31.097011 73.533691
1675 46.186859 67.327447
1676 28.084063 55.101980
1677 68.188137 80.009904
1678 27.488367 90.716855
1679 79.640116 92.448922
1680 30.224903 85.495206
1681 68.048261 45.323141
1682 68.228205 56.230659
1683 77.198489 45.246937
1684 27.200687 88.899905
1685 75.340950 43.359250
1686 61.055226 50.501626
1687 66.062145 67.332803
1688 47.836508 86.106778
1689 21.615008 91.508073
1690 80.152299 89.242699
1691 60.254391 57.390471
1692 50.368818 50.072572
1693 63.027224 34.878808
1694 64.414604 46.535546
1695 35.508472 39.908414
1696 54.231722 75.067667
1697 43.589950 67.367497
1698 15.461812 75.523509
1699 70.969030 47.060730
1700 33.562760 76.822958
1701 79.284026 75.463530
1702 70.202603 30.739916
1703 59.053294 66.688432
1704 24.136417 46.691794
1705 65.315603 63.505612
1706 58.677001 63.768620
1707 43.190038 72.781624
1708 44.563051 79.778494
1709 77.926755 41.262558
1710 87.944962 84.809567
1711 55.935949 89.041418
1712 36.025867 87.485027
1713 95.186465 47.700137
1714 69.807765 93.975782
1715 57.984348 68.242501
1716 54.990661 65.874708
1717 62.187153 67.836727
1718 49.923301 74.859890
1719 26.717697 71.330234
1720 76.538453 62.898175
1721 76.966870 74.315042
1722 96.824411 11.392682
1723 21.957249 63.431489
1724 33.764537 68.909802
1725 63.413177 31.557371
1726 44.699492 59.563353
1727 45.971078 69.813481
1728 41.365570 43.517706
1729 42.056716 73.733842
1730 42.163424 55.103825
1731 45.389649 61.903010
1732 18.806388 47.391417
1733 24.779934 43.080297
1734 42.548954 26.243311
1735 17.990683 73.013598
1736 21.357226 72.120918
1737 99.421213 50.284206
1738 20.067199 50.316064
1739 27.002912 71.728263
1740 19.643710 64.419027
1741 37.950722 47.670187
1742 28.494102 79.187509
1743 22.519833 81.115077
1744 51.270236 68.410704
1745 20.659176 48.872302
1746 49.384137 59.313288
1747 70.306285 50.827162
1748 69.940940 48.110565
1749 68.288485 34.755560
1750 10.435386 93.073021
1751 67.464476 46.421152
1752 80.016615 56.864033
1753 41.679084 59.795492
1754 68.346717 44.911735
1755 59.354697 32.144461
1756 74.093901 34.623660
1757 30.211564 28.864788
1758 55.116767 72.990181
1759 47.940042 69.050590
1760 74.863830 44.854929
1761 25.315739 61.021053
1762 81.708520 71.915044
1763 23.116967 23.309420
1764 19.957995 22.356262
1765 82.769209 47.580830
1766 67.853529 74.899408
1767 77.058983 20.108422
1768 60.805509 68.044701
1769 14.061006 32.827162
1770 55.924997 70.194052
1771 36.247948 67.362242
1772 47.903567 39.766985
1773 30.699748 99.577294
1774 17.710868 97.541484
1775 34.665454 91.655250
1776 78.723015 98.739506
1777 73.897834 97.995636
1778 37.703840 92.509113
1779 57.312690 96.745857
1780 67.885609 91.780597
1781 25.593234 98.520656
1782 61.270026 92.493412
1783 59.325367 93.499000
1784 22.883016 80.536747
1785 24.357705 72.830229
1786 34.938694 39.611379
1787 48.957031 76.404790
1788 63.081475 80.563014
1789 64.278561 66.384677
1790 64.688616 63.086919
1791 52.597119 81.906398
1792 38.988981 75.776824
1793 48.216513 79.808701
1794 44.663796 76.509428
1795 30.862804 91.518438
1796 42.140623 83.616638
1797 19.304508 75.967616
1798 42.823661 79.074175
1799 21.271367 72.149840
1800 67.472459 82.646364
1801 60.390159 80.280992
1802 58.915299 80.995414
1803 67.070171 64.161602
1804 50.546073 88.983632
1805 73.186254 77.335508
1806 54.836477 70.997295
1807 57.771597 63.044633
1808 53.360844 70.882131
1809 67.599506 33.594510
1810 37.321158 37.978086
1811 96.734060 80.253452
1812 27.396167 88.954540
1813 92.293122 74.597572
1814 86.403514 18.515764
1815 63.286247 17.020644
1816 53.721499 99.623549
1817 59.371222 96.592014
1818 54.511360 89.666335
1819 36.385035 98.967466
1820 32.939715 95.444130
1821 43.259439 99.397016
1822 34.640757 95.161990
1823 29.481954 98.238603
1824 44.633378 98.973936
1825 57.510437 99.543131
1826 40.853053 99.088112
1827 65.124791 97.484166
1828 51.143413 94.734422
1829 46.538842 97.554390
1830 47.885974 94.094839
1831 60.477963 88.035886
1832 57.885398 94.605130
1833 53.195315 94.703438
1834 52.558378 99.655992
1835 45.796246 97.026541
1836 49.328069 96.292135
1837 50.387477 91.660934
1838 55.383416 94.906409
1839 33.699935 96.969610
1840 35.563337 95.461763
1841 46.167240 92.361081
1842 39.710471 99.054692
1843 34.329442 99.363814
1844 43.954389 94.873664
1845 40.090187 92.909731
1846 52.187487 92.691642
1847 41.309146 96.346306
1848 56.417150 91.487305
1849 55.923463 90.835785
1850 36.701675 95.557658
1851 79.226376 36.865643
1852 82.277154 33.111687
1853 75.854211 38.040771
1854 51.255239 37.029883
1855 82.985545 22.293747
1856 48.666447 47.373935
1857 63.275089 48.314622
1858 66.348285 48.194704
1859 70.822021 39.098739
1860 81.045081 36.095762
1861 70.640101 35.786872
1862 34.452547 39.188634
1863 25.254273 80.718770
1864 15.577337 79.598576
1865 27.794770 80.777868
1866 58.914409 84.776019
1867 61.255433 89.034288
1868 71.629018 83.884386
1869 56.656498 86.874153
1870 39.576931 86.133453
1871 73.131270 70.362201
1872 35.512790 74.123099
1873 53.576564 87.561952
1874 46.409993 87.665205
1875 19.628214 85.712207
1876 27.262445 75.696472
1877 14.466375 84.275231
1878 75.233143 89.653742
1879 64.595662 88.390290
1880 67.494566 86.608182
1881 77.027463 84.385234
1882 37.334830 91.449276
1883 54.660474 91.000127
1884 14.209444 83.676413
1885 19.276924 77.610126
1886 27.501986 62.174990
1887 53.647086 82.693223
1888 60.702132 84.700484
1889 58.236061 61.827814
1890 53.242697 84.132297
1891 49.088203 82.930256
1892 70.170597 74.891840
1893 24.387026 79.951967
1894 58.719222 86.913938
1895 45.080113 84.337012
1896 13.661462 82.060340
1897 38.155678 78.138343
1898 24.207890 78.478659
1899 73.172089 84.843958
1900 68.321634 86.727850
1901 70.799594 86.979676
1902 72.659581 75.287854
1903 36.242254 91.507546
1904 58.614963 87.163946
1905 48.434742 71.362527
1906 50.616713 44.584363
1907 49.411738 57.222980
1908 50.845339 50.479832
1909 51.836776 50.372703
1910 48.966490 43.290496
1911 50.951348 39.971019
1912 54.697341 37.714375
1913 48.466939 44.186467
1914 55.499934 44.027364
1915 48.278092 72.061754
1916 58.849786 22.156958
1917 78.814865 18.984712
1918 62.794485 60.236078
1919 73.723209 97.892643
1920 52.618461 57.798432
1921 51.914876 62.253211
1922 69.118278 59.934486
1923 25.958040 47.117622
1924 39.247538 76.783579
1925 30.793640 53.439452
1926 59.294535 82.659320
1927 57.067350 76.890779
1928 14.705427 90.419424
1929 56.372961 53.805925
1930 39.588060 56.840937
1931 50.474531 79.595603
1932 45.353375 60.733288
1933 17.022246 81.261608
1934 71.259111 63.467402
1935 50.774048 66.656415
1936 63.980641 48.892334
1937 31.469746 34.201791
1938 36.979304 47.522910
1939 26.611536 78.192615
1940 22.616297 88.896275
1941 17.279940 43.290477
1942 28.446043 81.154196
1943 49.000246 74.490635
1944 79.484064 83.262224
1945 28.021670 30.363500
1946 51.440426 71.084792
1947 70.759551 69.878773
1948 49.839069 63.021176
1949 52.705840 62.967352
1950 37.107000 55.664645
1951 49.705518 63.151124
1952 38.353180 72.233195
1953 24.340755 64.117281
1954 48.468261 66.995742
1955 43.739027 54.267672
1956 31.598010 89.213301
1957 38.275925 81.603297
1958 26.389587 66.554498
1959 4.292970 73.614516
1960 30.358223 69.668335
1961 45.247450 76.311401
1962 10.334907 70.883569
1963 42.649854 76.708086
1964 40.310011 61.135916
1965 42.278027 80.281234
1966 47.524536 62.768771
1967 26.226456 94.313446
1968 27.657879 56.403613
1969 30.274708 69.950249
1970 27.851284 70.069721
1971 39.912726 73.223962
1972 26.172803 67.313767
1973 31.967449 80.692442
1974 21.267674 76.350256
1975 48.954140 76.284207
1976 26.739661 50.938423
1977 38.044190 75.956543
1978 43.897960 68.060985
1979 35.837824 77.699520
1980 35.488883 66.476191
1981 21.810172 67.225050
1982 15.796789 68.893795
1983 61.315804 62.538464
1984 34.232996 72.115557
1985 19.379248 74.483127
1986 12.536405 72.906497
1987 8.172810 83.016287
1988 5.122526 87.332127
1989 37.233935 90.467240
1990 16.101578 58.807424
1991 61.209740 85.221648
1992 49.083555 71.189082
1993 63.507183 84.738385
1994 29.302365 87.799012
1995 51.040535 73.323850
1996 17.261064 70.638397
1997 23.393151 69.402986
1998 28.052888 68.322797
1999 22.254550 65.452734
2000 30.538065 71.505599
2001 28.367832 32.836682
2002 74.684500 32.340881
2003 54.523278 66.318840
2004 34.085786 30.509963
2005 74.648025 71.470264
2006 55.092579 62.512985
2007 21.637580 69.890219
2008 17.009340 35.327185
2009 45.714397 46.713280
2010 16.942111 90.622105
2011 20.623005 80.588622
2012 48.886022 60.296795
2013 47.889056 64.406609
2014 57.966042 60.807692
2015 41.921829 59.811175
2016 54.560132 39.663594
2017 42.308515 69.928876
2018 58.417951 12.101417
2019 33.744984 78.907654
2020 51.886946 59.040973
2021 85.220220 49.145035
2022 72.271723 29.747471
2023 78.824287 23.184121
2024 83.460406 24.387620
2025 71.412909 28.655764
2026 72.217518 28.380244
2027 45.180301 82.045426
2028 34.417625 81.893545
2029 43.197341 49.462647
2030 44.107035 65.491471
2031 53.953277 69.793862
2032 92.591242 23.146152
2033 59.214103 69.068537
2034 54.944887 62.034531
2035 54.310182 78.374317
2036 75.969994 34.129861
2037 63.332411 78.423316
2038 88.094883 74.307511
2039 41.463762 89.176579
2040 35.919504 80.324494
2041 37.336693 78.579471
2042 42.639241 82.363417
2043 83.467782 73.129047
2044 66.578081 51.775460
2045 64.477572 39.575762
2046 76.618329 54.217876
2047 56.816053 36.555006
2048 30.213549 98.837264
2049 61.137137 63.705822
2050 62.137683 64.822444
2051 55.602299 70.825183
2052 64.513800 91.423541
2053 76.607304 69.656690
2054 33.213069 92.917099
2055 64.836774 31.146409
2056 52.936414 45.342679
2057 74.229342 47.781954
2058 83.684012 41.762355
2059 89.941860 53.711364
2060 73.368835 57.767351
2061 81.630623 85.327166
2062 60.314278 81.193938
2063 85.752484 78.127070
2064 88.020595 54.109942
2065 84.153693 47.050920
2066 73.084944 50.824590
2067 66.997818 42.110361
2068 71.438867 43.860613
2069 95.982714 61.821508
2070 44.035656 87.074405
2071 39.560896 64.993950
2072 81.431282 55.830421
2073 44.311903 47.423760
2074 68.070666 77.893471
2075 76.451263 57.308792
2076 59.658602 52.514059
2077 72.980694 42.303656
2078 45.694206 57.662237
2079 56.356738 71.826857
2080 86.911734 56.968922
2081 78.885189 55.521917
2082 91.404744 32.772098
2083 68.353037 81.631142
2084 60.217547 72.723032
2085 74.524873 47.038086
2086 71.377072 68.591877
2087 80.340562 49.325011
2088 54.207734 80.264714
2089 71.008022 88.086040
2090 18.623304 92.929698
2091 38.834215 71.911283
2092 68.637213 90.116201
2093 39.746238 69.383765
2094 25.195568 82.189201
2095 23.925663 55.392263
2096 19.663732 79.579508
2097 69.085410 98.099693
2098 32.912908 86.998270
2099 40.311943 87.653952
2100 29.826236 81.658392
2101 42.606449 55.469436
2102 16.560540 69.947189
2103 21.432843 88.435569
2104 69.128673 98.949931
2105 9.541716 85.275948
2106 22.846224 92.512620
2107 77.186597 95.987239
2108 54.105971 92.475396
2109 88.599859 41.436399
2110 75.249515 75.400032
2111 85.667362 89.447102
2112 91.000953 14.291963
2113 63.950024 55.021283
2114 61.976385 79.290376
2115 41.726144 91.747195
2116 35.319226 69.567792
2117 72.863754 73.697618
2118 62.184551 76.995190
2119 20.663496 38.484067
2120 58.303010 81.087347
2121 46.485047 80.525609
2122 38.122628 75.166349
2123 55.915621 81.823254
2124 33.668567 29.131433
2125 75.379087 32.189090
2126 66.655236 32.889421
2127 57.469046 44.576692
2128 55.687528 44.904062
2129 22.101040 65.950215
2130 8.753713 68.705629
2131 62.160632 50.339090
2132 66.687795 40.762849
2133 16.108491 44.132894
2134 56.986401 68.236200
2135 77.870840 94.090026
2136 70.886361 52.814647
2137 82.437240 49.221484
2138 79.983182 46.040366
2139 62.514419 31.891851
2140 25.599315 94.861855
2141 48.833886 98.711132
2142 20.351036 83.247720
2143 14.775654 37.697999
2144 56.217022 50.263896
2145 50.236178 54.360237
2146 32.096264 84.429651
2147 42.743515 55.757604
2148 46.017005 80.729016
2149 74.034334 75.575527
2150 51.420522 52.909330
2151 29.545696 43.258900
2152 65.262518 44.857945
2153 58.332669 43.547781
2154 28.040115 30.403361
2155 75.483741 49.729529
2156 66.464962 79.264207
2157 41.273869 43.185710
2158 55.409360 61.579926
2159 53.180212 65.492974
2160 58.360585 98.911010
2161 20.589852 58.363486
2162 21.619639 62.692947
2163 51.409685 96.320045
2164 75.526309 83.453032
2165 39.458705 65.165682
2166 70.632181 50.428032
2167 57.185639 85.126249
2168 57.097025 73.233378
2169 25.152472 88.535836
2170 48.439174 71.539580
2171 32.754649 82.729651
2172 71.934799 75.679860
2173 66.672459 32.714118
2174 28.245015 62.273461
2175 54.357760 74.031682
2176 66.742595 31.284716
2177 76.824529 63.403408
2178 78.147209 78.349441
2179 80.631652 67.968785
2180 40.312881 39.464089
2181 78.278142 75.894379
2182 39.311125 64.753102
2183 81.252126 45.649797
2184 63.705605 80.767143
2185 61.722477 59.424515
2186 50.952304 50.835154
2187 27.884561 51.567441
2188 51.959624 60.590506
2189 72.430535 58.526486
2190 55.853603 68.493554
2191 56.615749 67.264795
2192 77.725154 49.384089
2193 82.090514 54.947163
2194 85.716120 49.959745
2195 85.956488 39.255550
2196 90.997966 52.998953
2197 90.566153 40.084926
2198 81.838522 52.105302
2199 88.153515 37.996603
2200 90.502811 44.813076
2201 75.243717 60.470899
2202 19.940870 60.430362
2203 89.340812 42.034895
2204 93.015148 52.717153
2205 93.064349 48.269037
2206 94.025032 52.250898
2207 83.053976 64.664049
2208 98.494561 58.835895
2209 73.720646 52.761841
2210 74.847580 51.542953
2211 91.144799 59.248196
2212 53.325752 42.046424
2213 58.238343 29.105975
2214 73.367773 77.421765
2215 79.267271 88.868483
2216 70.830980 49.343679
2217 73.957160 54.823227
2218 77.058667 56.342126
2219 66.053699 56.429948
2220 77.802463 52.158584
2221 66.656829 58.611027
2222 64.036573 60.161528
2223 60.121769 63.877354
2224 69.821347 57.235063
2225 74.216313 56.094820
2226 51.925794 66.856462
2227 64.020199 99.101497
2228 99.286620 62.260460
2229 78.091243 53.448517
2230 86.098188 45.004830
2231 85.491343 60.670734
2232 53.696795 65.529343
2233 82.193292 52.225754
2234 77.900760 52.208280
2235 77.020378 81.484531
2236 67.385151 83.702192
2237 87.777494 81.623614
2238 96.207156 84.559393
2239 45.383940 84.169951
2240 63.790129 84.695429
2241 91.775155 77.736172
2242 81.744244 76.326828
2243 77.736659 78.214286
2244 89.095809 78.534312
2245 85.446944 14.508092
2246 37.053237 69.588208
2247 22.453931 75.258055
2248 21.702620 68.023504
2249 17.912718 70.778436
2250 65.165956 80.346090
2251 49.232416 83.149789
2252 50.802875 84.001993
2253 59.753114 74.624351
2254 66.219846 75.795118
2255 70.188461 57.130416
2256 69.024334 81.392876
2257 61.109146 67.261059
2258 28.278118 64.859324
2259 57.144645 73.962633
2260 55.590085 60.300894
2261 52.778725 48.246933
2262 15.959820 98.155014
2263 80.848360 97.102219
2264 45.062391 79.189145
2265 34.030022 80.911717
2266 54.973152 82.184390
2267 25.224432 67.133994
2268 17.755482 55.143871
2269 28.768888 75.697128
2270 52.531465 75.680002
2271 58.186635 76.720995
