1 86.762693 59.717244
2 88.867918 59.387926
3 94.278009 63.362371
4 89.472614 51.188619
5 66.535561 47.338647
6 76.778988 30.381743
7 74.484782 41.413519
8 57.059396 72.555719
9 94.688856 47.796372
10 74.654612 77.578063
11 34.932551 40.909773
12 41.045165 22.387912
13 46.972302 36.726869
14 77.031675 28.859946
15 51.317200 19.952963
16 5.026921 73.615589
17 80.896689 67.349504
18 81.513847 66.095569
19 88.397885 53.119349
20 69.978748 45.568349
21 90.088380 48.141599
22 79.057369 41.093985
23 41.310591 86.538430
24 69.492637 40.040400
25 37.973365 76.603359
26 44.482308 36.268022
27 40.889867 19.679436
28 51.489566 32.968777
29 60.174008 31.267626
30 50.694413 20.171855
31 31.705358 78.220060
32 57.788955 68.535576
33 82.248357 64.686358
34 86.820141 58.465039
35 83.497393 47.541429
36 72.246569 36.248427
37 99.097170 46.110344
38 70.192260 43.768667
39 48.225114 83.288116
40 53.567208 43.121216
41 37.628397 81.679552
42 33.328303 9.176546
43 50.849929 10.385933
44 73.618376 20.795407
45 93.267115 22.106308
46 19.067133 29.922731
47 25.519330 86.005978
48 54.564793 62.898737
49 97.379832 78.653363
50 87.489649 56.766518
51 79.419583 43.055684
52 79.411724 59.234094
53 99.602192 71.356497
54 79.955143 49.971395
55 97.789635 55.937275
56 55.665091 59.193151
57 47.868041 41.181116
58 73.723918 45.417080
59 63.410603 55.889758
60 56.166381 41.777242
61 77.857293 51.795787
62 27.443830 41.552801
63 60.443258 92.197663
64 47.641436 70.676038
65 78.154752 74.068207
66 79.050214 64.616882
67 79.863077 46.659594
68 75.834253 17.273495
69 33.410639 83.238771
70 96.636185 44.974582
71 99.297367 51.734823
72 19.166013 37.885105
73 9.000930 18.150163
74 39.625130 70.946218
75 71.238047 84.836825
76 48.673516 39.939803
77 13.607123 9.295897
78 11.754886 48.715470
79 46.125061 86.110784
80 17.931431 10.474440
81 79.561313 55.971362
82 41.473039 64.022376
83 76.017344 37.489545
84 76.118170 52.764491
85 51.322684 96.951918
86 99.806638 47.108910
87 96.427649 49.127480
88 46.392796 47.534288
89 33.280414 43.715570
90 61.683511 64.502283
91 43.223771 47.613556
92 56.026546 38.414198
93 39.194054 43.065495
94 41.113293 52.236775
95 54.946182 32.528105
96 52.771408 34.364676
97 75.121767 56.143861
98 65.986238 74.052287
99 66.678586 53.826997
100 84.636279 41.866565
101 87.816870 72.772995
102 96.322021 53.543323
103 91.754375 52.310616
104 28.199494 72.809261
105 54.950032 50.755218
106 30.586894 89.330770
107 75.793861 46.270239
108 52.880075 40.168859
109 54.791031 36.152846
110 52.813753 39.366716
111 31.679302 31.917903
112 40.092037 28.664400
113 79.878433 91.040055
114 73.393507 81.650578
115 56.731846 48.504004
116 93.190337 50.053058
117 89.638069 66.291675
118 55.585285 47.969840
119 95.651971 41.773118
120 0.882849 46.031987
121 26.903652 23.880174
122 48.965800 48.281791
123 89.706724 30.049330
124 53.609646 41.161616
125 63.861220 45.145827
126 58.401449 37.198952
127 49.070755 29.522568
128 41.218600 18.283623
129 71.218739 77.011056
130 69.169164 74.284812
131 82.697814 61.866556
132 99.639573 65.838462
133 67.499641 88.453879
134 80.260105 26.897800
135 67.485573 17.346823
136 22.079222 5.013790
137 4.361646 83.080129
138 97.471134 60.430914
139 91.997484 36.117780
140 80.371547 77.135473
141 69.338143 33.550815
142 51.454713 16.413256
143 45.443602 20.636782
144 33.068671 15.125898
145 55.612136 84.448723
146 70.138213 66.166231
147 95.906356 51.310658
148 72.742663 71.862390
149 47.391817 50.430985
150 89.532662 19.930388
151 59.909071 1.919015
152 36.456419 25.215653
153 19.187577 54.903346
154 96.769576 30.404807
155 86.234732 27.385426
156 94.837748 85.048875
157 77.528282 33.899071
158 69.070713 7.442302
159 55.164362 8.275999
160 41.078205 1.833252
161 62.565808 86.564027
162 55.043584 67.189582
163 57.847865 11.746175
164 98.183502 38.454691
165 26.402045 67.957581
166 65.894440 5.729993
167 71.211760 11.567600
168 9.647721 77.663644
169 40.909925 38.140619
170 85.250740 32.334873
171 95.086174 25.604212
172 99.871653 41.015825
173 59.316899 16.071523
174 51.599803 5.505339
175 27.944223 9.181755
176 37.283180 13.768392
177 66.863291 84.236163
178 4.060791 65.490961
179 56.384308 91.965419
180 86.358139 21.502825
181 57.444265 11.879451
182 46.553570 1.588465
183 59.794137 28.867101
184 32.741328 39.433449
185 70.150106 13.632798
186 85.852379 14.834009
187 82.691388 18.355947
188 75.361802 3.172673
189 59.147313 0.403386
190 39.861789 0.770152
191 47.790778 10.156570
192 49.478552 26.518875
193 56.051413 85.626438
194 44.057938 62.895613
195 43.962210 47.362510
196 58.355182 7.042187
197 41.971542 10.520504
198 54.467902 14.127162
199 67.836032 10.042931
200 53.730475 20.855707
201 93.042812 29.083122
202 72.911260 15.244229
203 52.617494 14.151875
204 51.639468 13.336620
205 41.812714 12.840508
206 52.153737 10.401906
207 55.013787 22.062282
208 15.832991 14.194401
209 48.490323 84.957739
210 50.501559 65.597800
211 83.529284 34.627197
212 87.176997 43.987917
213 15.062024 35.080109
214 34.082589 5.595584
215 76.939081 9.178195
216 55.994164 10.031893
217 64.166475 66.872189
218 23.817703 14.190232
219 26.395912 4.339322
220 30.641211 5.325053
221 29.432522 35.486735
222 44.709664 28.560668
223 23.120672 15.884254
224 20.069460 27.856093
225 36.372988 79.579397
226 66.559449 79.648923
227 57.752550 39.276268
228 49.468603 92.156369
229 3.516309 61.091597
230 9.147807 15.550821
231 39.271810 22.273703
232 70.345383 3.964026
233 0.059830 53.574541
234 21.226612 39.196024
235 31.810827 39.882916
236 33.054887 41.350920
237 26.911763 37.718300
238 11.328791 13.245107
239 35.296704 18.755713
240 12.287876 11.003465
241 17.553375 78.126625
242 88.240427 76.551600
243 37.017042 67.604282
244 19.986918 45.726532
245 33.742905 59.027068
246 14.632608 68.542339
247 32.767090 65.151187
248 56.980464 99.825783
249 23.894602 56.942784
250 6.009558 36.705962
251 14.487840 50.706294
252 8.603636 46.688369
253 1.210922 32.192097
254 62.522059 2.493428
255 31.627785 9.952787
256 34.193750 28.176369
257 94.541393 65.503154
258 91.705457 72.261957
259 85.883836 63.623233
260 85.224677 65.154838
261 79.246214 70.277325
262 79.638635 61.838497
263 74.384725 67.698044
264 71.063197 62.698633
265 84.673567 59.608160
266 97.325703 59.011359
267 91.032774 60.183563
268 81.461701 53.900724
269 69.192008 52.102331
270 70.113108 51.398164
271 73.337518 49.424054
272 62.807142 52.704679
273 62.038356 43.388016
274 85.210871 48.027561
275 85.021656 55.293590
276 66.909386 43.312852
277 66.953885 39.843945
278 70.667513 45.343975
279 74.112911 43.150431
280 66.934505 44.898029
281 58.063586 64.849199
282 59.622159 66.670857
283 33.244452 75.277139
284 48.311767 64.007640
285 57.686526 51.210417
286 51.689339 50.071135
287 60.208222 47.958911
288 58.513009 55.364053
289 49.597163 64.128448
290 38.426698 96.555802
291 34.535165 99.812169
292 48.112565 75.013167
293 33.773980 50.978321
294 2.011014 35.749852
295 0.561215 48.889846
296 41.403529 51.166841
297 60.226217 34.814632
298 29.589028 10.964264
299 29.501925 7.057166
300 57.284509 30.736277
301 37.458785 32.747628
302 62.634684 35.524707
303 58.129534 33.833355
304 52.101364 37.800904
305 58.522100 42.729143
306 87.810088 34.416946
307 9.770465 24.601411
308 48.759203 34.717431
309 30.208766 23.883010
310 34.910532 29.226870
311 36.857993 25.717747
312 39.191528 31.054879
313 31.966593 46.154303
314 41.177679 74.753288
315 37.720904 64.131272
316 36.263637 52.871889
317 87.674904 83.097120
318 87.309955 79.721366
319 97.674709 87.741655
320 91.110700 76.741671
321 86.798430 76.621905
322 94.335452 76.655362
323 90.701530 72.845057
324 90.750360 71.793922
325 77.159219 59.365275
326 95.252972 80.197622
327 77.573378 65.045704
328 76.593979 65.713794
329 75.822215 60.104500
330 76.439469 61.717859
331 79.900274 55.184139
332 87.960314 42.135585
333 93.310522 53.610921
334 86.371279 49.365193
335 86.181141 46.560887
336 82.699202 49.790471
337 74.820072 50.587721
338 65.699710 49.374865
339 72.755212 52.883959
340 95.027277 63.204324
341 71.476931 48.942331
342 69.847400 49.217755
343 67.168245 49.074738
344 64.231519 51.402119
345 65.203225 42.437492
346 93.652641 54.411215
347 20.615765 48.027284
348 90.998076 45.153172
349 90.182181 47.247741
350 94.566451 38.999768
351 77.376356 48.896275
352 66.166908 46.279174
353 71.222796 31.361683
354 95.425054 21.194100
355 71.398606 33.915645
356 69.973757 35.032745
357 57.733056 41.510011
358 63.897327 32.530871
359 49.528081 57.766875
360 46.921460 86.933130
361 49.815736 95.649554
362 41.933742 99.993575
363 39.808657 98.097660
364 23.957973 68.060104
365 52.956941 70.064019
366 52.420535 59.036435
367 47.431464 59.782404
368 19.847802 76.697754
369 44.578338 50.936667
370 46.316684 52.193659
371 36.218832 61.252197
372 58.821253 56.875142
373 43.593076 56.442668
374 28.880041 66.522040
375 35.954910 84.457861
376 38.461495 61.691323
377 35.027761 66.222649
378 29.749628 65.177907
379 38.641063 71.682887
380 54.944702 42.616704
381 47.345027 32.298307
382 25.521046 7.784639
383 45.291908 33.450870
384 41.257157 40.612530
385 49.474766 26.814402
386 26.225682 20.811965
387 47.845184 42.826762
388 69.951770 46.727582
389 34.726386 4.359807
390 31.804845 14.379218
391 32.069647 19.509022
392 42.998587 35.263605
393 27.559831 21.317719
394 57.798434 56.760027
395 58.480372 47.133958
396 84.647516 74.285770
397 56.173004 44.810819
398 56.654651 44.234289
399 48.664620 51.183551
400 60.954100 51.836291
401 55.545589 48.850560
402 32.777231 26.908748
403 1.866907 13.774906
404 27.938455 14.525136
405 29.757010 19.097376
406 50.165542 35.047643
407 51.410205 42.763099
408 35.948049 53.928465
409 4.680104 46.797002
410 4.726785 43.988819
411 6.693186 29.435036
412 8.730183 27.476902
413 5.392543 71.473229
414 29.200946 44.813899
415 45.768535 62.728827
416 38.873644 96.157267
417 37.804227 99.510924
418 30.780923 98.954145
419 21.162582 93.250401
420 43.942559 98.853081
421 42.050293 75.992140
422 84.464900 83.977403
423 81.136791 86.977902
424 80.800240 84.458519
425 84.936892 82.513422
426 93.606490 82.753070
427 76.784468 83.997401
428 74.361297 78.955410
429 68.608253 64.445000
430 91.168631 63.845829
431 89.413557 80.325126
432 87.086281 67.139475
433 89.261908 66.604062
434 85.833473 68.708500
435 78.180406 62.327126
436 73.974975 52.029807
437 83.663897 34.724627
438 90.859929 39.352271
439 84.083898 43.706888
440 82.961235 38.640313
441 81.365139 38.545767
442 76.398573 46.826528
443 63.583123 48.011318
444 73.102508 47.718185
445 91.994814 58.138203
446 83.882362 59.152219
447 81.629259 58.152480
448 70.128200 41.190529
449 63.556845 55.240843
450 76.216169 47.656824
451 52.483709 89.899299
452 94.154982 67.778197
453 95.841874 70.775154
454 93.952590 73.072225
455 96.830112 58.011946
456 78.590322 68.858854
457 48.421524 61.139524
458 90.208006 42.653839
459 92.609114 43.221876
460 84.413852 51.321806
461 82.889281 44.574664
462 93.291136 48.849623
463 78.905659 38.822343
464 58.740888 53.464032
465 72.994454 65.522659
466 97.885484 67.464555
467 81.634841 74.340624
468 79.182838 71.810633
469 66.461842 58.301081
470 56.147211 53.261368
471 45.273488 69.095670
472 43.608604 73.692016
473 35.232123 95.298459
474 74.905098 74.288170
475 76.312675 69.888927
476 28.885916 92.049943
477 46.547275 62.017435
478 53.332946 46.412597
479 25.258829 26.605696
480 15.717116 22.134859
481 11.967902 40.088795
482 30.555503 42.209696
483 38.721405 39.376200
484 36.894670 37.687208
485 44.940396 43.692334
486 7.117612 30.553218
487 86.106435 26.145391
488 7.348224 23.867522
489 13.787907 27.567247
490 1.483783 23.497112
491 48.045490 40.279732
492 55.696949 72.312644
493 46.345017 67.955657
494 53.885256 77.633101
495 50.664665 62.963302
496 51.618089 49.682629
497 70.112738 78.194774
498 52.799462 59.388508
499 41.450491 52.504618
500 65.898396 40.792509
501 2.423913 39.324235
502 17.432493 5.613203
503 19.731561 14.004674
504 9.322462 26.344726
505 37.038416 40.072121
506 51.023285 50.577531
507 22.943101 39.787449
508 61.159458 24.968445
509 13.893686 26.109463
510 19.034686 28.433385
511 4.254568 42.426364
512 50.643259 42.310395
513 36.135718 46.892191
514 15.460773 66.308009
515 2.131632 90.374286
516 24.720647 66.366072
517 24.346715 64.555061
518 14.569012 60.836822
519 35.635340 51.517375
520 37.413412 69.723036
521 43.036004 66.029611
522 51.251749 75.955199
523 34.254457 77.794024
524 8.224177 73.293189
525 99.348227 73.865328
526 60.655842 60.838322
527 76.337235 87.941034
528 92.735648 92.893204
529 89.993983 97.447552
530 87.489543 86.742604
531 91.019276 84.159096
532 76.108850 91.086449
533 65.083154 74.744450
534 65.980645 60.322092
535 60.485645 78.988862
536 98.177874 83.836127
537 88.603686 73.881420
538 84.443431 69.882273
539 82.939487 56.752970
540 65.245463 60.331089
541 61.690736 50.934124
542 78.061838 40.315390
543 89.758285 37.951684
544 91.575702 25.109314
545 88.577723 24.246276
546 79.281651 17.858508
547 73.108702 44.865613
548 62.523638 44.680507
549 78.977247 37.283335
550 92.541414 6.562378
551 71.716726 22.167876
552 70.723870 20.115241
553 82.202354 15.419190
554 66.138028 35.887235
555 64.747061 62.378407
556 66.102540 85.177721
557 26.504054 95.012234
558 18.072952 82.954833
559 18.752231 81.927058
560 83.894317 86.124521
561 29.854033 75.247426
562 65.124386 58.119511
563 98.738258 53.801718
564 97.947262 56.893409
565 98.365268 44.290178
566 95.365594 45.872823
567 94.028571 56.731465
568 79.315667 50.304053
569 51.765374 61.067202
570 68.666720 58.959517
571 71.008364 97.816191
572 74.046495 59.274886
573 72.147388 56.744439
574 38.985798 65.064928
575 53.471963 54.117981
576 45.502413 46.942537
577 26.647530 61.632981
578 4.448833 56.471377
579 37.580379 49.135271
580 36.816972 50.723211
581 7.927594 42.749830
582 40.426104 49.258696
583 41.152096 56.707229
584 1.458815 41.318387
585 0.726923 42.792536
586 5.648948 27.418920
587 8.907999 30.703876
588 0.035933 44.481287
589 37.199085 44.605830
590 47.987668 75.782911
591 42.175955 92.112034
592 40.774721 98.692168
593 36.493353 92.258353
594 36.914283 92.044746
595 40.710056 93.110530
596 49.190719 78.020412
597 39.930487 60.483294
598 50.533365 99.981311
599 29.951921 99.830179
600 63.446534 99.523389
601 65.877519 95.431374
602 22.548561 96.471944
603 50.923924 71.938625
604 44.137668 49.541755
605 47.275754 36.511146
606 82.252796 69.092003
607 45.241523 28.866430
608 43.052193 24.635509
609 66.708339 50.717382
610 41.620702 39.687012
611 39.343778 48.690972
612 48.169823 45.728384
613 58.796695 43.632355
614 61.198427 47.191461
615 64.022371 48.449893
616 46.837860 37.403002
617 31.836765 44.161498
618 41.310862 54.187303
619 16.417859 73.883018
620 4.839959 92.671737
621 9.223900 75.005326
622 9.600750 70.847054
623 41.446517 67.343469
624 34.635124 58.027936
625 50.683216 64.492213
626 51.359179 69.048361
627 45.963002 99.991405
628 47.318435 97.916633
629 47.539363 95.300820
630 63.467281 70.297733
631 49.093041 67.954179
632 75.168176 83.957328
633 83.698750 91.748006
634 82.387560 97.659666
635 84.728432 79.454990
636 83.247518 77.545187
637 69.605915 86.966114
638 63.220548 77.931614
639 55.384279 71.567070
640 40.054246 79.507694
641 42.430960 88.971498
642 42.935121 68.637568
643 31.183634 72.929142
644 48.612323 68.655686
645 34.333056 73.076424
646 75.272520 63.619286
647 81.195292 51.684035
648 80.534624 46.891037
649 76.776500 43.356283
650 78.060039 45.005545
651 79.056460 54.667264
652 70.378178 51.234211
653 61.034992 54.353861
654 81.216901 42.851966
655 91.090662 10.940304
656 73.436879 37.022242
657 75.579142 50.472867
658 89.022028 55.653213
659 66.338572 37.701187
660 63.716853 76.603759
661 53.050742 93.957342
662 57.919251 95.290642
663 45.520333 94.566025
664 43.901603 93.134707
665 64.609414 98.130916
666 50.381778 79.047032
667 71.614778 69.104097
668 99.375587 65.062828
669 96.437863 75.177192
670 97.272119 63.256214
671 99.861315 59.996420
672 94.693256 71.908344
673 76.708513 55.352005
674 52.598888 54.993009
675 74.380561 62.031117
676 88.860476 87.277464
677 83.982411 53.616314
678 85.458662 53.659525
679 42.697488 44.375323
680 61.704751 54.974358
681 53.532258 74.308721
682 15.485247 78.501164
683 29.282395 99.601218
684 10.142399 69.602964
685 4.475280 70.596151
686 9.268071 88.239165
687 41.122645 65.357871
688 37.225017 56.259151
689 1.126429 73.853941
690 1.599690 78.529745
691 0.720151 72.120649
692 4.083732 64.724418
693 5.244386 67.625874
694 33.149084 56.431663
695 40.981321 47.626328
696 46.623403 73.137705
697 44.289897 81.281837
698 68.731084 71.017603
699 69.717389 70.164811
700 32.200726 67.294319
701 36.781892 72.469602
702 42.119931 59.352299
703 45.066073 56.112734
704 22.950693 74.095533
705 69.534689 62.481237
706 68.514559 66.787657
707 48.837099 48.112082
708 37.199041 54.784982
709 58.213873 63.333082
710 67.356571 55.494722
711 92.204853 77.732229
712 61.816565 42.777228
713 59.731910 42.189336
714 52.802433 60.513138
715 58.736631 50.738210
716 38.550302 57.627437
717 26.658288 48.746912
718 2.060053 75.891663
719 33.213223 35.825253
720 38.566852 33.080927
721 8.180573 77.967392
722 37.891853 46.496479
723 43.141212 62.101186
724 48.515236 44.389553
725 26.877473 62.432747
726 27.372943 59.580199
727 27.296823 59.188586
728 54.644845 47.256894
729 42.634812 53.295700
730 36.595774 42.889403
731 40.704528 34.969876
732 35.511170 34.945230
733 46.368536 53.063684
734 47.066949 53.244911
735 36.381935 22.494813
736 46.813449 40.503233
737 72.907727 82.665776
738 78.223381 96.047009
739 79.325303 89.122529
740 79.012964 81.798509
741 78.531186 74.863935
742 67.686082 80.680391
743 61.859664 74.662047
744 68.308992 74.381775
745 67.739539 84.082346
746 68.939019 90.406608
747 60.760860 84.057770
748 59.881465 82.250733
749 75.789504 89.050499
750 66.052173 74.695446
751 64.821760 58.776444
752 66.828648 55.624183
753 84.782254 72.154094
754 81.290535 60.994313
755 74.859039 56.049685
756 71.392470 68.838437
757 71.777611 62.055469
758 56.051388 56.696319
759 93.407646 60.073041
760 98.232678 61.748437
761 91.099095 56.396422
762 88.700122 49.544510
763 73.754583 73.115192
764 70.044537 53.180980
765 67.083563 71.031435
766 74.482907 92.419420
767 77.269503 98.089283
768 67.645454 98.587779
769 67.139194 97.913815
770 73.741387 94.100811
771 64.740041 71.496601
772 68.790322 70.728039
773 99.532989 68.228316
774 98.504839 79.939578
775 92.172817 66.839753
776 90.364116 62.859331
777 85.077547 65.992924
778 71.860202 60.695109
779 51.038728 61.141429
780 91.477439 69.526713
781 89.443898 91.358008
782 99.977133 63.204227
783 93.834445 61.266199
784 71.196237 93.706030
785 78.884058 68.400897
786 44.263325 52.921612
787 22.128866 42.521589
788 21.198654 89.777296
789 30.160155 54.474248
790 31.336439 54.656749
791 32.794928 36.440112
792 28.042098 71.652657
793 38.879606 54.714397
794 19.654341 42.068007
795 97.952251 50.422409
796 1.920143 53.163811
797 5.277523 48.668728
798 9.180223 62.827459
799 39.093853 52.337626
800 46.461812 55.079596
801 31.670108 87.039447
802 4.500998 80.399963
803 44.774653 75.126439
804 40.195519 64.720112
805 8.174607 90.452765
806 35.697947 47.850807
807 54.547596 69.946384
808 41.706159 44.311640
809 58.886641 98.937062
810 49.827077 54.157055
811 39.416037 49.176770
812 32.711053 57.015787
813 53.019730 56.948330
814 48.495551 60.230887
815 54.442844 67.737269
816 73.199658 65.736443
817 70.930090 57.731587
818 70.534326 54.270726
819 51.495532 55.382594
820 54.783127 53.106086
821 45.446047 55.024623
822 47.788724 48.961815
823 56.472921 38.453308
824 50.097137 45.474417
825 46.140669 45.366035
826 49.123548 52.213781
827 43.858802 54.366695
828 43.395168 50.922435
829 44.622073 38.844193
830 46.102041 21.334421
831 37.540643 47.322585
832 44.432178 41.581639
833 27.602007 44.692264
834 43.045686 46.868763
835 63.624117 40.009371
836 50.471091 30.432486
837 56.180847 33.571944
838 43.036190 38.003495
839 43.350107 35.822532
840 57.879919 33.382653
841 50.506978 38.093185
842 73.481167 89.362404
843 79.223353 79.375658
844 77.679772 86.384729
845 75.478209 81.138374
846 70.251872 83.116862
847 81.635179 83.459462
848 75.337781 77.687008
849 66.095522 76.350087
850 71.225929 82.619973
851 71.069961 86.000660
852 77.310782 83.350145
853 73.567736 87.384432
854 76.946768 76.719812
855 66.601436 68.349298
856 57.777957 67.937199
857 49.395764 56.677280
858 54.317526 74.231640
859 56.468110 55.385961
860 56.732698 52.693787
861 40.238119 56.417105
862 55.774446 58.585668
863 55.273337 62.438975
864 67.473341 61.832486
865 82.907985 89.650601
866 88.441390 61.650525
867 86.180590 62.129490
868 71.092513 73.897931
869 67.000767 63.290739
870 59.396350 76.087573
871 67.143534 93.674942
872 71.177937 89.491712
873 67.399023 91.959465
874 65.823986 90.250150
875 64.517815 94.678781
876 60.866177 73.568531
877 44.941799 60.802614
878 62.369828 45.729609
879 67.615367 79.675514
880 63.344774 68.400215
881 65.772567 69.447397
882 69.255582 57.726047
883 62.691997 68.833710
884 68.859353 40.698088
885 63.980232 43.253771
886 98.594461 40.207066
887 86.296015 41.129394
888 87.536215 44.995162
889 53.438438 64.329310
890 66.625795 38.977856
891 45.955830 43.326599
892 16.967738 24.336112
893 0.735163 39.967931
894 25.585594 53.285087
895 30.479313 54.079632
896 32.166924 34.485927
897 52.503240 50.213067
898 24.173585 22.210624
899 27.047719 31.661488
900 21.457618 9.457346
901 24.108308 34.021779
902 25.735047 34.819896
903 17.271546 28.892849
904 22.429100 22.791440
905 45.181200 66.370217
906 50.076770 73.428069
907 13.409008 80.653897
908 56.472830 77.865304
909 48.540306 68.585728
910 54.303339 89.754880
911 62.139497 59.181836
912 57.030137 57.083810
913 74.773872 32.180919
914 43.785942 42.813161
915 61.705191 41.417516
916 65.728725 42.809391
917 53.115104 52.820357
918 58.116287 45.176884
919 60.428895 47.186881
920 88.507893 70.247648
921 94.271363 68.272147
922 75.517723 69.504122
923 75.028875 71.524621
924 56.761313 64.648817
925 57.887020 60.121412
926 40.469156 62.327390
927 78.230377 78.433439
928 21.170743 98.465468
929 61.920008 60.735132
930 63.676715 52.843885
931 35.349583 87.641340
932 43.301485 61.093624
933 66.833086 47.505113
934 61.837044 39.694733
935 82.136632 20.813790
936 59.814721 36.247006
937 59.994874 36.715534
938 74.514609 33.516950
939 62.954375 37.982236
940 54.121204 29.566299
941 48.143692 24.302471
942 57.318639 2.860917
943 53.945297 27.791377
944 51.630340 29.221614
945 53.507063 25.779814
946 48.353682 31.391117
947 71.987707 90.128151
948 63.562466 82.772155
949 78.172321 93.666193
950 73.558410 80.053473
951 64.452743 79.144433
952 74.163380 85.402808
953 69.504443 81.444811
954 61.917136 74.803285
955 63.136706 90.087153
956 61.637522 94.990104
957 65.510770 85.719593
958 65.800615 88.061134
959 57.954555 84.286818
960 65.271136 74.846763
961 50.427248 66.945352
962 60.435768 71.434871
963 14.581463 83.089704
964 56.937278 61.054509
965 60.216149 59.846831
966 49.897033 72.753769
967 42.555514 57.033535
968 49.461154 77.183700
969 54.413048 99.328956
970 69.669885 98.404314
971 73.498842 97.294952
972 74.307474 96.280474
973 60.764634 97.271150
974 59.840550 76.013979
975 59.561291 63.906142
976 47.713103 91.883817
977 55.260087 92.016501
978 50.438609 98.065160
979 55.776396 97.194063
980 48.015021 88.358273
981 47.303585 80.501432
982 70.700453 40.112312
983 72.344058 41.558917
984 86.677135 33.296885
985 74.153103 38.625606
986 76.293764 39.040927
987 74.736748 23.980821
988 67.141823 38.778201
989 54.019817 33.986357
990 39.095812 18.914570
991 39.485658 4.750168
992 50.468453 23.330600
993 54.829908 24.139843
994 31.722925 13.205115
995 39.859747 31.859708
996 36.899348 22.798617
997 25.833763 18.514097
998 28.072111 1.552062
999 15.610689 19.550994
1000 19.777126 20.839539
1001 29.074857 5.936693
1002 20.922398 18.356505
1003 38.265752 51.758549
1004 37.423403 45.973588
1005 17.319186 52.530990
1006 36.881297 59.802085
1007 36.460548 64.654126
1008 10.451189 80.311001
1009 28.665975 67.492453
1010 57.824147 74.283655
1011 72.764402 75.745826
1012 61.544131 94.983932
1013 82.453668 94.446644
1014 85.850231 90.003089
1015 33.007224 52.799147
1016 57.559225 61.866838
1017 69.815193 35.851096
1018 93.290681 28.087020
1019 97.942729 23.675757
1020 97.313924 33.096469
1021 94.219579 35.028625
1022 89.485730 28.926436
1023 73.858189 33.361970
1024 40.752856 67.205432
1025 87.028353 93.884702
1026 38.088486 98.568086
1027 34.386837 97.996030
1028 33.952812 96.394368
1029 31.177278 75.111394
1030 52.432300 70.796343
1031 62.232798 50.445656
1032 91.948861 45.706817
1033 98.154065 72.321904
1034 72.524967 55.428429
1035 71.338788 61.113317
1036 99.507502 55.949680
1037 77.460193 57.064859
1038 64.976353 31.041064
1039 67.662927 13.879208
1040 66.414437 7.351868
1041 56.740094 18.854154
1042 57.574772 21.257912
1043 72.542057 26.216533
1044 66.233789 29.098464
1045 48.209729 29.411578
1046 53.965634 6.640966
1047 48.391262 6.129848
1048 53.475773 17.193326
1049 49.264926 18.948427
1050 56.620288 2.750397
1051 44.711297 31.581974
1052 59.123374 88.262282
1053 49.879551 87.755171
1054 45.642971 88.918744
1055 57.858480 92.146070
1056 52.992239 95.923423
1057 54.618577 81.270956
1058 34.865033 74.857102
1059 63.233780 74.998893
1060 57.720499 79.503457
1061 59.895397 89.678358
1062 58.016854 75.869803
1063 59.885948 69.211309
1064 56.346630 80.704758
1065 61.331876 63.142657
1066 44.861122 65.484309
1067 4.822224 35.304729
1068 51.644065 92.129790
1069 41.345840 79.736291
1070 36.639617 77.826774
1071 30.987936 92.525303
1072 52.161676 63.002141
1073 46.215256 59.681296
1074 32.112389 84.746105
1075 39.699787 94.089505
1076 46.669205 98.570832
1077 49.031019 99.898860
1078 33.184009 77.397115
1079 47.464084 64.765027
1080 62.212374 48.007093
1081 29.628120 51.402417
1082 64.224842 64.823458
1083 57.832890 70.754236
1084 60.720463 71.645252
1085 53.295457 48.480558
1086 46.855406 63.620862
1087 42.019645 31.539834
1088 62.877261 15.849099
1089 72.876277 1.047222
1090 49.108013 33.981228
1091 47.300612 33.883328
1092 61.745468 3.301862
1093 58.573930 28.203368
1094 57.238211 29.400719
1095 50.062188 7.020809
1096 38.409361 1.306974
1097 44.711395 0.009529
1098 48.363542 1.522532
1099 43.590088 18.415460
1100 44.387063 25.166503
1101 38.657501 42.192820
1102 12.130604 55.730847
1103 66.735725 35.097704
1104 26.553118 25.528905
1105 30.496543 28.586730
1106 5.324349 63.192174
1107 45.962569 48.259893
1108 43.678279 57.541576
1109 5.056354 76.510652
1110 10.329897 93.247894
1111 12.507258 73.974952
1112 5.775435 74.413270
1113 28.906483 96.821895
1114 36.261066 58.017000
1115 66.224788 35.298068
1116 94.266697 33.018124
1117 98.607209 27.847161
1118 92.600375 42.049431
1119 93.234541 39.979696
1120 85.805623 29.637059
1121 71.358493 38.438350
1122 72.366530 35.127713
1123 89.674814 34.063787
1124 93.920016 15.188277
1125 70.075628 29.222986
1126 74.500197 30.346349
1127 87.649295 37.917269
1128 69.092426 32.363976
1129 58.856050 49.969121
1130 53.073349 57.215159
1131 81.155102 72.332356
1132 62.209970 91.811365
1133 58.433730 90.631760
1134 61.804004 57.660220
1135 52.610672 58.099278
1136 64.952979 31.519121
1137 62.430619 17.280425
1138 86.108533 10.692231
1139 85.441758 29.906739
1140 81.462612 29.489906
1141 61.069585 19.255636
1142 62.852327 28.010434
1143 54.499771 27.754883
1144 60.857641 8.718422
1145 57.890839 16.517680
1146 63.365983 9.494266
1147 64.018252 12.360469
1148 56.017082 14.311569
1149 56.970010 27.857772
1150 39.817297 25.984496
1151 35.213229 12.782210
1152 39.609163 14.281309
1153 47.053534 6.704756
1154 47.435925 9.267089
1155 38.209218 10.156472
1156 39.437421 27.679878
1157 65.535127 94.915050
1158 61.309272 87.419931
1159 69.740084 93.981925
1160 63.761247 81.620668
1161 62.385360 81.479344
1162 63.871112 90.729379
1163 62.934377 85.410875
1164 54.516072 77.954972
1165 52.046322 78.948360
1166 56.252975 95.077143
1167 59.358339 80.936566
1168 60.145610 79.587830
1169 49.553862 80.096212
1170 60.282667 76.799162
1171 46.620052 56.128948
1172 33.504811 47.921870
1173 21.878525 53.694478
1174 12.564382 25.758695
1175 22.072270 22.138277
1176 30.922047 58.960586
1177 37.077028 42.610080
1178 43.802765 57.928114
1179 87.202788 25.595527
1180 97.123262 28.502442
1181 85.631122 37.471672
1182 94.382885 30.946338
1183 89.470134 32.403043
1184 67.132806 32.359457
1185 41.235796 43.731849
1186 17.903960 38.083981
1187 48.040728 58.573474
1188 28.647180 62.704544
1189 31.833990 62.348090
1190 10.558547 35.218309
1191 40.410282 59.765855
1192 60.412080 31.377714
1193 38.131944 4.751469
1194 44.343391 5.145914
1195 50.971662 3.439407
1196 56.320678 6.302624
1197 42.849861 21.461474
1198 40.386943 24.697345
1199 42.695117 28.449569
1200 61.021771 19.421375
1201 64.901690 0.945190
1202 68.415425 10.588835
1203 66.259410 11.626160
1204 66.155194 1.820756
1205 70.946574 24.799821
1206 29.943758 69.118585
1207 23.166340 46.440436
1208 14.517054 90.729784
1209 24.608852 54.697272
1210 31.588549 50.851186
1211 27.059145 55.760321
1212 30.201439 59.460598
1213 41.217858 35.431715
1214 51.184169 31.620124
1215 15.343869 5.003256
1216 27.913519 34.247083
1217 28.155908 35.722565
1218 62.534504 37.179494
1219 41.438726 38.928211
1220 74.119611 23.241236
1221 55.032002 30.971146
1222 90.411644 17.779418
1223 81.098123 23.124951
1224 77.516105 26.020564
1225 80.840360 13.409863
1226 62.517372 33.861186
1227 77.238628 35.287047
1228 88.132990 38.730161
1229 91.761988 33.282773
1230 99.497454 37.143781
1231 99.817036 34.508904
1232 96.763363 43.187984
1233 79.728929 36.280668
1234 68.972728 37.188523
1235 94.148687 36.234018
1236 99.031063 42.141376
1237 88.167668 52.101359
1238 99.460287 53.361104
1239 83.919822 37.069989
1240 75.289338 42.299705
1241 57.601145 26.082629
1242 63.740978 6.007434
1243 60.964148 6.691870
1244 66.715500 16.821194
1245 67.240380 19.844212
1246 60.560147 4.962752
1247 58.513683 26.055769
1248 45.854840 22.677139
1249 44.037597 8.480571
1250 48.342042 14.622203
1251 42.345134 4.062118
1252 42.459378 8.143304
1253 45.801596 4.839747
1254 40.056867 23.384854
1255 61.487836 31.647711
1256 41.138734 6.711103
1257 19.202006 2.268267
1258 32.641388 4.972787
1259 36.058068 7.375551
1260 36.051334 4.143398
1261 60.608177 32.328184
1262 56.918010 96.788357
1263 54.425027 86.801902
1264 60.924085 99.712221
1265 63.454055 89.240269
1266 62.940179 84.825278
1267 57.212325 88.645767
1268 59.022002 86.163523
1269 44.392397 77.629995
1270 46.151649 80.807072
1271 40.674287 89.083084
1272 42.061428 72.960733
1273 42.459189 71.149181
1274 54.514864 75.065723
1275 45.671961 73.318286
1276 31.002625 69.520017
1277 27.892957 50.114400
1278 16.001214 45.352162
1279 26.182732 70.442990
1280 21.466830 70.155072
1281 33.031709 60.584602
1282 28.837353 44.011896
1283 40.986978 47.024237
1284 97.560480 18.339244
1285 99.586004 68.391258
1286 61.057572 13.852179
1287 62.587416 13.684384
1288 51.527512 39.930890
1289 38.824507 32.540627
1290 49.840994 26.689540
1291 36.294522 13.020135
1292 24.503289 1.719689
1293 29.100198 19.139404
1294 22.485617 21.387421
1295 55.664664 18.761486
1296 36.465084 26.010767
1297 57.795315 37.740891
1298 62.956412 10.143099
1299 29.775949 1.541079
1300 39.282802 8.073286
1301 44.284407 10.152722
1302 53.213877 9.334665
1303 69.028040 29.829247
1304 41.894321 45.964815
1305 77.189802 19.005528
1306 80.566791 3.119185
1307 82.615713 1.556613
1308 78.912265 23.817328
1309 53.822417 53.319806
1310 51.699323 35.415528
1311 48.516501 40.908355
1312 66.151700 52.045281
1313 68.760622 44.050050
1314 1.495000 82.883305
1315 4.489275 86.863010
1316 82.844012 40.380538
1317 49.611536 54.150292
1318 69.837970 25.629569
1319 91.229200 26.660897
1320 88.532119 15.157218
1321 79.782160 32.717365
1322 75.547404 26.208741
1323 83.853199 23.898925
1324 70.527343 26.816495
1325 63.857626 39.285264
1326 53.731328 30.650089
1327 53.402822 36.286688
1328 82.266719 30.230351
1329 82.855674 26.541742
1330 72.601078 39.876135
1331 58.570506 34.381060
1332 66.079793 29.005533
1333 77.385203 21.558409
1334 59.460752 11.116411
1335 64.791204 23.578225
1336 63.349552 22.251283
1337 53.639806 25.768672
1338 63.411066 29.349268
1339 45.434842 31.826841
1340 74.013915 9.790282
1341 69.173761 1.534305
1342 74.701597 17.428378
1343 77.705358 14.367244
1344 73.089878 7.154933
1345 66.750257 23.799551
1346 58.685899 27.143445
1347 43.777758 0.397572
1348 50.639193 0.737896
1349 53.847342 0.531140
1350 50.761787 3.290009
1351 44.490009 1.943165
1352 48.039636 22.214053
1353 58.413278 40.809415
1354 44.930606 11.862827
1355 22.939368 4.849770
1356 33.714296 9.804712
1357 39.033519 11.305456
1358 41.311874 16.150448
1359 66.137706 31.806208
1360 56.782797 46.014687
1361 45.145280 18.045925
1362 25.090322 11.780093
1363 43.972399 14.388056
1364 47.301234 14.390198
1365 42.422652 14.990403
1366 60.475384 39.079820
1367 52.145699 93.281002
1368 46.298510 89.831363
1369 53.639676 98.591343
1370 55.455956 88.684680
1371 53.165797 85.920852
1372 46.851976 91.502480
1373 51.389620 83.208883
1374 38.326198 76.020770
1375 37.085015 87.923819
1376 26.780480 96.064764
1377 49.577356 80.873417
1378 55.289185 81.274729
1379 31.995134 89.625382
1380 41.597274 77.187992
1381 61.731338 64.818620
1382 54.899866 66.310202
1383 18.178987 94.594190
1384 32.728172 94.500668
1385 34.947698 88.640281
1386 39.003519 90.468353
1387 49.242346 71.901975
1388 66.287373 33.341219
1389 21.760381 10.241503
1390 37.989566 90.794828
1391 32.378247 0.481771
1392 33.589212 2.637905
1393 27.990940 16.378085
1394 62.344418 37.681309
1395 44.145138 61.765964
1396 5.555125 40.771427
1397 13.715434 64.040259
1398 26.616629 27.120550
1399 20.915613 26.285927
1400 50.531164 36.432044
1401 51.327233 45.755005
1402 51.356646 49.350714
1403 27.400281 22.667410
1404 2.190728 26.443830
1405 23.862411 17.940737
1406 28.102633 12.485417
1407 34.439144 31.488278
1408 29.121816 27.355124
1409 51.511354 41.510267
1410 70.664170 7.227027
1411 54.424009 2.831005
1412 66.519494 4.049586
1413 71.385585 4.438580
1414 33.548541 29.846545
1415 61.797678 28.132553
1416 73.784768 28.265742
1417 65.465443 19.814110
1418 78.426805 8.179570
1419 67.628608 23.373920
1420 69.413169 22.036628
1421 73.151638 9.052934
1422 67.653839 25.201997
1423 67.619292 38.530547
1424 99.538062 48.048377
1425 97.935705 36.019958
1426 99.446197 32.995733
1427 99.636253 31.282395
1428 94.848392 38.216604
1429 75.421589 36.186413
1430 41.984899 32.750099
1431 35.411336 1.127573
1432 70.740680 17.896466
1433 76.810785 12.884853
1434 71.302095 14.776195
1435 41.775129 28.874792
1436 68.118527 27.471301
1437 46.934108 39.386001
1438 32.445818 16.186353
1439 4.682896 13.301593
1440 48.725927 11.801999
1441 48.113570 16.323172
1442 35.039770 9.107099
1443 54.477614 39.305327
1444 62.286873 32.725128
1445 60.769988 21.361718
1446 81.602478 11.239026
1447 51.737726 23.317287
1448 47.743686 17.649300
1449 64.553036 26.783758
1450 56.905932 30.274496
1451 53.121614 44.707891
1452 37.166399 36.415627
1453 7.869384 12.132762
1454 36.392956 18.417194
1455 44.538033 14.296114
1456 36.226619 38.332316
1457 57.369297 46.073022
1458 46.456134 43.715715
1459 43.794605 40.189441
1460 33.641529 45.532180
1461 41.710605 26.724964
1462 37.704708 16.570994
1463 40.011488 41.853157
1464 56.837436 50.789377
1465 39.735443 37.095152
1466 30.418356 24.368016
1467 32.825270 19.675414
1468 45.010504 24.948860
1469 46.610235 25.433327
1470 31.943969 23.709706
1471 49.225813 37.973452
1472 41.655656 94.522270
1473 41.095060 84.327433
1474 43.768833 96.305986
1475 41.002817 82.620319
1476 36.606511 80.935159
1477 38.364610 85.699090
1478 47.090741 83.455674
1479 39.568123 74.166930
1480 41.638629 87.084045
1481 30.995219 95.656955
1482 50.835237 90.016006
1483 51.641844 83.192978
1484 43.867416 90.592169
1485 44.623663 78.455511
1486 64.086254 35.861882
1487 85.011150 17.735938
1488 90.448416 22.244396
1489 79.244018 29.358293
1490 81.532472 32.812837
1491 74.728843 12.768404
1492 56.202605 36.087996
1493 45.894593 65.271567
1494 46.444455 77.652313
1495 58.089593 84.845959
1496 35.784289 69.900080
1497 27.630455 67.348401
1498 59.408729 56.573879
1499 52.917522 72.377160
1500 40.832769 54.985889
1501 22.725254 64.888827
1502 6.715184 69.483785
1503 2.047903 61.743230
1504 -0.001526 60.107392
1505 20.607197 62.487699
1506 38.539614 60.958629
1507 42.708478 59.067352
1508 12.902483 46.511620
1509 67.310793 64.856969
1510 23.898376 37.100405
1511 20.443466 31.424514
1512 7.401676 53.436297
1513 50.082289 54.477728
1514 65.807778 28.416698
1515 64.796058 20.144455
1516 82.273490 7.252685
1517 77.680202 4.149854
1518 74.631259 3.642118
1519 72.218861 29.280963
1520 64.004292 26.048127
1521 46.805398 44.733009
1522 45.784488 29.258346
1523 79.103917 33.946403
1524 59.284217 23.178221
1525 57.189356 23.450908
1526 43.018363 32.722895
1527 35.876441 32.251157
1528 34.907188 57.192128
1529 36.440883 94.444979
1530 43.080236 93.601896
1531 70.264204 79.152893
1532 64.521185 78.938702
1533 32.028884 92.410677
1534 47.874772 75.857835
1535 47.279733 56.514265
1536 15.488976 42.904792
1537 1.487217 51.581069
1538 4.848255 16.724139
1539 6.933659 18.905925
1540 23.851305 42.481602
1541 43.895821 50.273509
1542 50.920009 44.975969
1543 18.986250 23.549623
1544 3.192087 21.715981
1545 28.712500 31.138018
1546 27.565920 28.623957
1547 31.816736 24.875746
1548 51.955411 42.485084
1549 39.935544 45.354811
1550 37.394115 35.307691
1551 10.619441 22.245695
1552 36.796112 17.317370
1553 38.706868 8.952217
1554 31.293791 37.347257
1555 53.473150 44.189644
1556 35.187458 41.155902
1557 17.728285 35.766495
1558 13.815382 32.543462
1559 29.644137 39.233744
1560 32.255646 32.940301
1561 22.137254 36.816167
1562 36.081551 42.869102
1563 28.369324 38.533815
1564 29.081783 31.945343
1565 2.593331 29.520813
1566 21.740233 25.322587
1567 30.278613 28.723987
1568 18.143407 25.291278
1569 38.101617 37.322455
1570 19.568789 33.271125
1571 11.061186 19.787847
1572 5.047135 24.931391
1573 13.653663 19.174004
1574 15.289787 21.508668
1575 10.760303 31.923995
1576 22.938809 27.584239
1577 27.784415 86.745037
1578 27.018456 78.049375
1579 26.264077 89.096914
1580 30.125874 81.042945
1581 33.395393 81.282920
1582 25.773132 80.023620
1583 33.084505 85.545286
1584 28.821934 79.483403
1585 38.700032 83.818769
1586 34.471935 98.157848
1587 49.954132 84.619594
1588 53.027540 81.480244
1589 45.169788 84.710556
1590 45.739472 78.693125
1591 45.134586 66.582821
1592 53.013977 83.814895
1593 47.889561 93.240852
1594 69.120093 76.146539
1595 82.980330 77.713650
1596 81.587814 80.610185
1597 52.002404 67.284165
1598 36.168268 55.488578
1599 44.659814 70.007230
1600 35.195804 69.695283
1601 51.811587 87.734829
1602 51.171893 87.670015
1603 26.996331 40.520488
1604 48.563385 58.506178
1605 23.388889 63.210293
1606 32.826244 64.349995
1607 24.187552 80.714457
1608 40.011169 70.791676
1609 40.043890 68.712599
1610 31.048806 58.747979
1611 37.466643 56.552482
1612 34.971215 51.580999
1613 33.224904 70.675706
1614 9.452832 82.730341
1615 6.887223 63.578009
1616 1.260595 61.849846
1617 11.751069 76.094405
1618 40.970186 57.951141
1619 34.236992 51.163134
1620 12.279626 70.649928
1621 0.388079 64.036789
1622 51.445061 45.952410
1623 59.233500 51.226409
1624 6.657779 77.766316
1625 37.687234 59.026946
1626 39.435942 52.948010
1627 18.213267 63.359300
1628 1.915355 58.425829
1629 62.630174 24.898891
1630 65.612770 14.965892
1631 16.492264 71.428892
1632 34.625906 54.122251
1633 27.590507 64.372410
1634 32.319347 68.010924
1635 43.056633 99.163889
1636 35.657724 66.166195
1637 30.407882 62.452086
1638 44.493835 71.368841
1639 41.029676 61.203137
1640 13.784090 55.218196
1641 17.426401 44.497787
1642 16.713477 55.699904
1643 34.340386 62.187687
1644 34.790949 62.158214
1645 24.095310 47.186909
1646 43.483406 49.543722
1647 10.602037 45.225618
1648 7.125227 47.038531
1649 19.530142 48.464750
1650 29.887222 48.766057
1651 27.314732 52.609000
1652 12.680968 45.137776
1653 26.386197 45.999585
1654 14.278415 50.392098
1655 0.119305 50.612218
1656 5.286904 54.990398
1657 29.676888 47.250620
1658 32.647977 48.234680
1659 2.429297 45.853162
1660 20.777552 50.895028
1661 12.897851 43.768730
1662 4.636948 37.311557
1663 0.633621 35.840291
1664 8.018913 36.743006
1665 12.149686 37.899012
1666 0.991702 36.129644
1667 7.206393 33.469055
1668 7.456243 34.819255
1669 10.707187 28.673075
1670 1.510440 28.555262
1671 12.384371 23.988742
1672 15.956307 29.834014
1673 5.117662 22.212804
1674 19.239511 32.848252
1675 9.051773 35.151793
1676 9.352943 20.834979
1677 24.255350 32.679728
1678 12.344677 17.109705
1679 13.752809 15.516562
1680 3.016997 31.945243
1681 14.221132 30.013127
1682 25.915909 92.504631
1683 22.949806 90.163971
1684 25.179358 98.820541
1685 27.692457 85.226127
1686 29.044456 83.896577
1687 26.486429 91.186005
1688 28.891284 86.985449
1689 41.109599 80.299971
1690 21.159145 97.068244
1691 16.628078 98.581793
1692 43.449555 85.639782
1693 43.218235 82.982453
1694 28.905273 81.751973
1695 28.534295 76.267846
1696 30.613415 65.748915
1697 26.488198 81.612661
1698 23.576043 68.890183
1699 36.609193 73.962284
1700 37.225108 73.885493
1701 25.584412 73.049316
1702 37.669137 68.203369
1703 25.678067 72.330694
1704 13.747061 73.893471
1705 27.591295 76.616079
1706 10.024435 60.153875
1707 10.810352 59.643267
1708 22.921360 76.449561
1709 22.188824 71.750848
1710 23.816290 62.696950
1711 20.153979 69.559802
1712 15.291133 62.194886
1713 11.298928 67.071340
1714 12.449081 67.387320
1715 18.623799 62.624604
1716 22.647985 61.779717
1717 22.817255 59.798422
1718 10.229285 63.664067
1719 7.631206 64.721926
1720 27.709437 57.235924
1721 27.700258 56.441486
1722 16.432813 59.481028
1723 23.037912 59.286117
1724 22.691607 61.516482
1725 18.466940 64.164849
1726 6.439592 82.419997
1727 30.541277 71.144912
1728 32.645524 71.532892
1729 13.361171 69.671634
1730 21.560571 66.364477
1731 24.343713 59.394233
1732 22.773293 58.877147
1733 16.971995 66.143003
1734 8.200419 68.200193
1735 8.432811 67.175132
1736 19.927044 57.366674
1737 21.588942 56.836463
1738 23.087002 55.926149
1739 19.236259 51.891978
1740 19.039342 58.856003
1741 11.769273 61.129886
1742 7.596991 59.522595
1743 20.396061 43.640164
1744 25.403089 51.970241
1745 24.635777 49.338402
1746 15.044711 39.084854
1747 5.535083 32.556949
1748 9.821685 41.815043
1749 9.380137 40.223319
1750 17.499601 41.581029
1751 24.967140 43.450964
1752 15.803854 53.370577
1753 14.276610 59.688493
1754 3.057191 58.378890
1755 16.899351 49.135288
1756 17.631784 48.795820
1757 14.382656 58.073991
1758 22.799657 52.702207
1759 19.226114 52.698743
1760 18.203322 56.145376
1761 14.262258 50.026171
1762 10.218004 50.764949
1763 4.287257 53.725741
1764 17.202177 45.859261
1765 22.957610 51.358424
1766 22.586648 50.050480
1767 22.511006 34.852146
1768 2.772155 18.538824
1769 17.342328 33.340619
1770 16.218549 34.020024
1771 21.185046 32.042060
1772 25.979113 39.497047
1773 22.977116 44.149210
1774 15.807909 26.608707
1775 12.016471 35.504211
1776 34.485540 20.825646
1777 34.115574 23.667135
1778 19.504643 35.329312
1779 14.722317 35.887406
1780 24.280343 29.641088
1781 7.866105 9.412742
1782 10.124153 5.381485
1783 15.101229 7.767752
1784 17.822712 15.638231
1785 4.698984 17.464332
1786 19.497667 17.685010
1787 12.916046 85.318052
1788 34.510344 91.958680
1789 23.852560 94.042077
1790 18.966579 83.317532
1791 18.620399 86.425544
1792 17.471680 92.776127
1793 7.098589 97.497936
1794 20.350151 87.153175
1795 23.846852 85.468692
1796 15.883068 98.096805
1797 26.107541 76.511252
1798 11.895401 86.002607
1799 12.193016 79.046970
1800 13.228710 95.136906
1801 31.582018 80.115398
1802 41.408002 77.117693
1803 16.319433 89.097868
1804 18.226495 79.022369
1805 15.328260 81.343676
1806 11.358011 72.116690
1807 14.183180 86.868812
1808 15.588230 71.311612
1809 18.093573 69.680585
1810 20.537098 74.340580
1811 20.999964 71.171040
1812 14.801713 77.079893
1813 18.283860 74.662774
1814 20.579046 80.016393
1815 17.789188 86.420200
1816 22.809625 84.435899
1817 23.636861 75.571763
1818 27.377741 70.123906
1819 18.641111 73.658783
1820 15.357344 75.999462
1821 18.549624 59.851321
1822 22.176263 80.898715
1823 22.681965 78.312280
1824 21.989656 84.303265
1825 25.536162 72.633092
1826 10.141364 74.399651
1827 16.650771 66.649006
1828 9.419017 85.107228
1829 19.541707 67.174207
1830 21.010082 65.285479
1831 17.448384 70.310040
1832 21.017286 71.390025
1833 5.678367 65.859992
1834 9.745775 58.944426
1835 0.178447 64.844602
1836 11.823616 64.624521
1837 12.358506 64.265453
1838 2.552949 68.585125
1839 6.489990 60.913355
1840 9.414298 54.169540
1841 6.928165 51.270141
1842 2.852469 49.966715
1843 11.451733 53.690730
1844 12.622296 52.877532
1845 6.950293 52.294170
1846 6.172623 59.327258
1847 5.463869 51.555379
1848 5.955915 48.903787
1849 1.439159 55.571489
1850 8.735169 45.966230
1851 12.482901 47.854193
1852 8.685375 43.039900
1853 8.771058 49.463518
1854 2.947394 71.685091
1855 0.188134 55.707411
1856 0.554384 69.068471
1857 6.544046 56.327584
1858 9.364769 56.182584
1859 1.607493 68.272290
1860 5.334784 60.482873
1861 4.235034 59.078020
1862 12.545484 57.658855
1863 0.892077 47.218254
1864 9.944704 51.240552
1865 9.373637 54.750920
1866 14.394286 55.172815
1867 7.689846 57.082001
1868 9.942204 47.600161
1869 11.310247 32.855823
1870 6.550246 39.769531
1871 12.142688 42.180071
1872 14.087057 40.283568
1873 8.468446 38.596762
1874 12.707187 42.588654
1875 11.699920 37.057866
1876 23.397313 29.897227
1877 6.175757 44.024919
1878 18.245909 40.341311
1879 22.576704 38.508843
1880 11.775145 29.851352
1881 16.111191 38.578797
1882 17.329861 19.006157
1883 15.181470 30.423985
1884 2.332782 9.116309
1885 37.563945 28.420426
1886 22.715581 26.555927
1887 24.650863 30.001097
1888 36.944898 30.615993
