1 49.529094 47.535711
2 88.985461 86.986173
3 49.998344 57.010330
4 56.995503 59.001402
5 62.964789 54.070380
6 67.006459 47.983061
7 53.006155 36.008759
8 59.996031 44.006435
9 43.999313 52.056522
10 49.758298 48.971911
11 56.045151 51.008761
12 35.063270 60.940549
13 31.991827 67.028789
14 39.922585 44.019314
15 35.004744 38.005283
16 80.992076 83.985698
17 77.021510 75.028423
18 55.999901 80.999070
19 41.019518 65.996102
20 31.912547 54.944223
21 37.829483 50.947085
22 42.960683 58.948491
23 32.001149 73.992932
24 48.059522 64.045105
25 25.000458 66.998775
26 62.007902 37.015165
27 31.008882 48.005401
28 46.198032 41.957633
29 53.031248 42.930418
30 41.999307 32.033648
31 29.995065 31.993718
32 23.006033 49.996070
